
--------------------------------------------------
TXLib соболезнует...

Программа: d:\ItSchoolRep\ITSchool\HeroRetun\HeroReturn.exe, файл: Resources\\Libs\\TXLib.h, строка: 12061, функция: HBRUSH__* {anonymous}::TX::txSetFillColor(COLORREF, HDC),

Сообщение: Окно рисования не создано или не в порядке.

#1: TXLib [Ver: 00173a, Rev: 165, Date: 2020-03-26 21:07:17 +0400], Instance: 0x006852F4 (32-bit), Flags: CMdrE0, Thread: 0x21FC (Main), GetLastError(): 13 (Недопустимые данные). 

--------------------------------------------------
Стек вызовов:

# 0 0x004127BF in d:\ItSchoolRep\ITSchool\HeroRetun\HeroReturn.exe: (anonymous namespace)::TX::txSetFillColor()
# 1 0x0041ECC1 in d:\ItSchoolRep\ITSchool\HeroRetun\HeroReturn.exe: painting()
# 2 0x004243B9 in d:\ItSchoolRep\ITSchool\HeroRetun\HeroReturn.exe: main()

--------------------------------------------------
Developed with:

The Dumb Artist Library (TX Library)
TXLib [Ver: 00173a, Rev: 165, Date: 2020-03-26 21:07:17 +0400]
Copyright (C) Ded (Ilya Dedinsky, http://txlib.ru) <mail@txlib.ru>
See license on: http://txlib.ru

TXLib file:	Resources\\Libs\\TXLib.h
Compiled:	Apr  1 2020 21:31:10, GNU g++ 4.8.1, std=201103L, MinGW Runtime 3.20, 32-bit, Debug
Started:	Apr 01 2020 21:31:45

Run file:	d:\ItSchoolRep\ITSchool\HeroRetun\HeroReturn.exe
Directory:	d:\ItSchoolRep\ITSchool\HeroRetun

--------------------------------------------------
