
--------------------------------------------------
TXLib соболезнует...

Программа: e:\ItSchoolRep\ITSchool\HeroReturn\HeroReturn.exe, файл: Resources\\Libs\\TXLib.h, строка: 12061, функция: HBRUSH__* {anonymous}::TX::txSetFillColor(COLORREF, HDC),

Сообщение: Окно рисования не создано или не в порядке.

#1: TXLib [Ver: 00173a, Rev: 165, Date: 2020-03-26 21:07:17 +0400], Instance: 0x006BF70C (32-bit), Flags: CMdRE0, Thread: 0x31E0 (Main), GetLastError(): 13 (Недопустимые данные). 

--------------------------------------------------
Стек вызовов:



--------------------------------------------------
Developed with:

The Dumb Artist Library (TX Library)
TXLib [Ver: 00173a, Rev: 165, Date: 2020-03-26 21:07:17 +0400]
Copyright (C) Ded (Ilya Dedinsky, http://txlib.ru) <mail@txlib.ru>
See license on: http://txlib.ru

TXLib file:	Resources\\Libs\\TXLib.h
Compiled:	Jun 15 2020 13:44:59, GNU g++ 9.2.0, std=201402L, MinGW Runtime 5.3, 32-bit, Debug
Started:	Jun 15 2020 13:45:20

Run file:	e:\ItSchoolRep\ITSchool\HeroReturn\HeroReturn.exe
Directory:	e:\ItSchoolRep\ITSchool\HeroReturn

--------------------------------------------------

--------------------------------------------------
TXLib соболезнует...

Программа: e:\ItSchoolRep\ITSchool\HeroReturn\HeroReturn.exe, файл: Resources\\Libs\\TXLib.h, строка: 12061, функция: HBRUSH__* {anonymous}::TX::txSetFillColor(COLORREF, HDC),

Сообщение: Окно рисования не создано или не в порядке.

#1: TXLib [Ver: 00173a, Rev: 165, Date: 2020-03-26 21:07:17 +0400], Instance: 0x006BF70C (32-bit), Flags: CMdRE0, Thread: 0x339C (Main), GetLastError(): 13 (Недопустимые данные). 

--------------------------------------------------
Стек вызовов:



--------------------------------------------------
Developed with:

The Dumb Artist Library (TX Library)
TXLib [Ver: 00173a, Rev: 165, Date: 2020-03-26 21:07:17 +0400]
Copyright (C) Ded (Ilya Dedinsky, http://txlib.ru) <mail@txlib.ru>
See license on: http://txlib.ru

TXLib file:	Resources\\Libs\\TXLib.h
Compiled:	Jun 15 2020 13:49:51, GNU g++ 9.2.0, std=201402L, MinGW Runtime 5.3, 32-bit, Debug
Started:	Jun 15 2020 13:50:13

Run file:	e:\ItSchoolRep\ITSchool\HeroReturn\HeroReturn.exe
Directory:	e:\ItSchoolRep\ITSchool\HeroReturn

--------------------------------------------------

--------------------------------------------------
TXLib соболезнует...

Программа: e:\ItSchoolRep\ITSchool\HeroReturn\HeroReturn.exe, файл: Resources\\Libs\\TXLib.h, строка: 12061, функция: HBRUSH__* {anonymous}::TX::txSetFillColor(COLORREF, HDC),

Сообщение: Окно рисования не создано или не в порядке.

#1: TXLib [Ver: 00173a, Rev: 165, Date: 2020-03-26 21:07:17 +0400], Instance: 0x006BF70C (32-bit), Flags: CMdRE0, Thread: 0x3D90 (Main), GetLastError(): 13 (Недопустимые данные). 

--------------------------------------------------
Стек вызовов:



--------------------------------------------------
Developed with:

The Dumb Artist Library (TX Library)
TXLib [Ver: 00173a, Rev: 165, Date: 2020-03-26 21:07:17 +0400]
Copyright (C) Ded (Ilya Dedinsky, http://txlib.ru) <mail@txlib.ru>
See license on: http://txlib.ru

TXLib file:	Resources\\Libs\\TXLib.h
Compiled:	Jun 15 2020 13:50:35, GNU g++ 9.2.0, std=201402L, MinGW Runtime 5.3, 32-bit, Debug
Started:	Jun 15 2020 13:50:57

Run file:	e:\ItSchoolRep\ITSchool\HeroReturn\HeroReturn.exe
Directory:	e:\ItSchoolRep\ITSchool\HeroReturn

--------------------------------------------------

--------------------------------------------------
TXLib соболезнует...

Программа: e:\ItSchoolRep\ITSchool\HeroReturn\HeroReturn.exe, файл: Resources\\Libs\\TXLib.h, строка: 12061, функция: HBRUSH__* {anonymous}::TX::txSetFillColor(COLORREF, HDC),

Сообщение: Окно рисования не создано или не в порядке.

#1: TXLib [Ver: 00173a, Rev: 165, Date: 2020-03-26 21:07:17 +0400], Instance: 0x006BF70C (32-bit), Flags: CMdRE0, Thread: 0x3298 (Main), GetLastError(): 13 (Недопустимые данные). 

--------------------------------------------------
Стек вызовов:



--------------------------------------------------
Developed with:

The Dumb Artist Library (TX Library)
TXLib [Ver: 00173a, Rev: 165, Date: 2020-03-26 21:07:17 +0400]
Copyright (C) Ded (Ilya Dedinsky, http://txlib.ru) <mail@txlib.ru>
See license on: http://txlib.ru

TXLib file:	Resources\\Libs\\TXLib.h
Compiled:	Jun 15 2020 13:51:54, GNU g++ 9.2.0, std=201402L, MinGW Runtime 5.3, 32-bit, Debug
Started:	Jun 15 2020 13:52:15

Run file:	e:\ItSchoolRep\ITSchool\HeroReturn\HeroReturn.exe
Directory:	e:\ItSchoolRep\ITSchool\HeroReturn

--------------------------------------------------

--------------------------------------------------
TXLib соболезнует...

Программа: e:\ItSchoolRep\ITSchool\HeroReturn\HeroReturn.exe, файл: Resources\\Libs\\TXLib.h, строка: 12061, функция: HBRUSH__* {anonymous}::TX::txSetFillColor(COLORREF, HDC),

Сообщение: Окно рисования не создано или не в порядке.

#1: TXLib [Ver: 00173a, Rev: 165, Date: 2020-03-26 21:07:17 +0400], Instance: 0x006BF70C (32-bit), Flags: CMdRE0, Thread: 0x4348 (Main), GetLastError(): 13 (Недопустимые данные). 

--------------------------------------------------
Стек вызовов:



--------------------------------------------------
Developed with:

The Dumb Artist Library (TX Library)
TXLib [Ver: 00173a, Rev: 165, Date: 2020-03-26 21:07:17 +0400]
Copyright (C) Ded (Ilya Dedinsky, http://txlib.ru) <mail@txlib.ru>
See license on: http://txlib.ru

TXLib file:	Resources\\Libs\\TXLib.h
Compiled:	Jun 15 2020 13:53:53, GNU g++ 9.2.0, std=201402L, MinGW Runtime 5.3, 32-bit, Debug
Started:	Jun 15 2020 13:54:15

Run file:	e:\ItSchoolRep\ITSchool\HeroReturn\HeroReturn.exe
Directory:	e:\ItSchoolRep\ITSchool\HeroReturn

--------------------------------------------------

--------------------------------------------------
TXLib соболезнует...

Программа: e:\ItSchoolRep\ITSchool\HeroReturn\HeroReturn.exe, файл: Resources\\Libs\\TXLib.h, строка: 12061, функция: HBRUSH__* {anonymous}::TX::txSetFillColor(COLORREF, HDC),

Сообщение: Окно рисования не создано или не в порядке.

#1: TXLib [Ver: 00173a, Rev: 165, Date: 2020-03-26 21:07:17 +0400], Instance: 0x006BF70C (32-bit), Flags: CMdRE0, Thread: 0x3D04 (Main), GetLastError(): 13 (Недопустимые данные). 

--------------------------------------------------
Стек вызовов:



--------------------------------------------------
Developed with:

The Dumb Artist Library (TX Library)
TXLib [Ver: 00173a, Rev: 165, Date: 2020-03-26 21:07:17 +0400]
Copyright (C) Ded (Ilya Dedinsky, http://txlib.ru) <mail@txlib.ru>
See license on: http://txlib.ru

TXLib file:	Resources\\Libs\\TXLib.h
Compiled:	Jun 15 2020 13:54:36, GNU g++ 9.2.0, std=201402L, MinGW Runtime 5.3, 32-bit, Debug
Started:	Jun 15 2020 13:54:58

Run file:	e:\ItSchoolRep\ITSchool\HeroReturn\HeroReturn.exe
Directory:	e:\ItSchoolRep\ITSchool\HeroReturn

--------------------------------------------------

--------------------------------------------------
TXLib соболезнует...

Программа: e:\ItSchoolRep\ITSchool\HeroReturn\HeroReturn.exe, файл: Resources\\Libs\\TXLib.h, строка: 12061, функция: HBRUSH__* {anonymous}::TX::txSetFillColor(COLORREF, HDC),

Сообщение: Окно рисования не создано или не в порядке.

#1: TXLib [Ver: 00173a, Rev: 165, Date: 2020-03-26 21:07:17 +0400], Instance: 0x006BF70C (32-bit), Flags: CMdRE0, Thread: 0x41CC (Main), GetLastError(): 13 (Недопустимые данные). 

--------------------------------------------------
Стек вызовов:



--------------------------------------------------
Developed with:

The Dumb Artist Library (TX Library)
TXLib [Ver: 00173a, Rev: 165, Date: 2020-03-26 21:07:17 +0400]
Copyright (C) Ded (Ilya Dedinsky, http://txlib.ru) <mail@txlib.ru>
See license on: http://txlib.ru

TXLib file:	Resources\\Libs\\TXLib.h
Compiled:	Jun 15 2020 13:55:30, GNU g++ 9.2.0, std=201402L, MinGW Runtime 5.3, 32-bit, Debug
Started:	Jun 15 2020 13:55:52

Run file:	e:\ItSchoolRep\ITSchool\HeroReturn\HeroReturn.exe
Directory:	e:\ItSchoolRep\ITSchool\HeroReturn

--------------------------------------------------

--------------------------------------------------
TXLib соболезнует...

Программа: E:\ItSchoolRep\ITSchool\HeroReturn\HeroReturn.exe, файл: Resources\\Libs\\TXLib.h, строка: 12061, функция: HBRUSH__* {anonymous}::TX::txSetFillColor(COLORREF, HDC),

Сообщение: Окно рисования не создано или не в порядке.

#1: TXLib [Ver: 00173a, Rev: 165, Date: 2020-03-26 21:07:17 +0400], Instance: 0x006BF70C (32-bit), Flags: CMdRE0, Thread: 0x3DE4 (Main), GetLastError(): 13 (Недопустимые данные), errno: 2 (No such file or directory), _doserrno: 2 (No such file or directory). 

--------------------------------------------------
Стек вызовов:



--------------------------------------------------
Developed with:

The Dumb Artist Library (TX Library)
TXLib [Ver: 00173a, Rev: 165, Date: 2020-03-26 21:07:17 +0400]
Copyright (C) Ded (Ilya Dedinsky, http://txlib.ru) <mail@txlib.ru>
See license on: http://txlib.ru

TXLib file:	Resources\\Libs\\TXLib.h
Compiled:	Jun 15 2020 13:55:30, GNU g++ 9.2.0, std=201402L, MinGW Runtime 5.3, 32-bit, Debug
Started:	Jun 15 2020 13:56:32

Run file:	E:\ItSchoolRep\ITSchool\HeroReturn\HeroReturn.exe
Directory:	E:\ItSchoolRep\ITSchool\HeroReturn

--------------------------------------------------

--------------------------------------------------
TXLib соболезнует...

Программа: E:\ItSchoolRep\ITSchool\HeroReturn\HeroReturn.exe, файл: Resources\\Libs\\TXLib.h, строка: 12110, функция: bool {anonymous}::TX::txSetPixel(double, double, COLORREF, HDC),

Сообщение: Окно рисования не создано или не в порядке.

#1: TXLib [Ver: 00173a, Rev: 165, Date: 2020-03-26 21:07:17 +0400], Instance: 0x006BF70C (32-bit), Flags: CMdRE0, Thread: 0x163C (Main), GetLastError(): 13 (Недопустимые данные), errno: 2 (No such file or directory), _doserrno: 2 (No such file or directory). 

--------------------------------------------------
Стек вызовов:



--------------------------------------------------
Developed with:

The Dumb Artist Library (TX Library)
TXLib [Ver: 00173a, Rev: 165, Date: 2020-03-26 21:07:17 +0400]
Copyright (C) Ded (Ilya Dedinsky, http://txlib.ru) <mail@txlib.ru>
See license on: http://txlib.ru

TXLib file:	Resources\\Libs\\TXLib.h
Compiled:	Jun 15 2020 13:55:30, GNU g++ 9.2.0, std=201402L, MinGW Runtime 5.3, 32-bit, Debug
Started:	Jun 15 2020 13:59:38

Run file:	E:\ItSchoolRep\ITSchool\HeroReturn\HeroReturn.exe
Directory:	E:\ItSchoolRep\ITSchool\HeroReturn

--------------------------------------------------

--------------------------------------------------
TXLib сообщает:

Программа: E:\ItSchoolRep\ITSchool\HeroReturn\HeroReturn.exe, файл: Resources\\Libs\\TXLib.h, строка: 12592, функция: bool {anonymous}::TX::txAlphaBlend(HDC, double, double, double, double, HDC, double, double, double),

Сообщение: Параметр "sourceImage" неверен. Возможно, этот холст не создан, или уже уничтожен, или не загрузилась картинка.

#1: TXLib [Ver: 00173a, Rev: 165, Date: 2020-03-26 21:07:17 +0400], Instance: 0x006BF70C (32-bit), Flags: CMdRe0, Thread: 0x33DC (Main), GetLastError(): 13 (Недопустимые данные). 

--------------------------------------------------
Стек вызовов:



--------------------------------------------------
Developed with:

The Dumb Artist Library (TX Library)
TXLib [Ver: 00173a, Rev: 165, Date: 2020-03-26 21:07:17 +0400]
Copyright (C) Ded (Ilya Dedinsky, http://txlib.ru) <mail@txlib.ru>
See license on: http://txlib.ru

TXLib file:	Resources\\Libs\\TXLib.h
Compiled:	Jun 15 2020 13:55:30, GNU g++ 9.2.0, std=201402L, MinGW Runtime 5.3, 32-bit, Debug
Started:	Jun 15 2020 14:03:05

Run file:	E:\ItSchoolRep\ITSchool\HeroReturn\HeroReturn.exe
Directory:	E:\ItSchoolRep\ITSchool\HeroReturn

--------------------------------------------------

--------------------------------------------------
TXLib сообщает:

Программа: E:\ItSchoolRep\ITSchool\HeroReturn\HeroReturn.exe, файл: Resources\\Libs\\TXLib.h, строка: 12592, функция: bool {anonymous}::TX::txAlphaBlend(HDC, double, double, double, double, HDC, double, double, double),

Сообщение: Параметр "sourceImage" неверен. Возможно, этот холст не создан, или уже уничтожен, или не загрузилась картинка.

#2: TXLib [Ver: 00173a, Rev: 165, Date: 2020-03-26 21:07:17 +0400], Instance: 0x006BF70C (32-bit), Flags: CMdRe0, Thread: 0x33DC (Main), GetLastError(): 13 (Недопустимые данные). 

--------------------------------------------------
Стек вызовов:



--------------------------------------------------
Developed with:

The Dumb Artist Library (TX Library)
TXLib [Ver: 00173a, Rev: 165, Date: 2020-03-26 21:07:17 +0400]
Copyright (C) Ded (Ilya Dedinsky, http://txlib.ru) <mail@txlib.ru>
See license on: http://txlib.ru

TXLib file:	Resources\\Libs\\TXLib.h
Compiled:	Jun 15 2020 13:55:30, GNU g++ 9.2.0, std=201402L, MinGW Runtime 5.3, 32-bit, Debug
Started:	Jun 15 2020 14:03:06

Run file:	E:\ItSchoolRep\ITSchool\HeroReturn\HeroReturn.exe
Directory:	E:\ItSchoolRep\ITSchool\HeroReturn

--------------------------------------------------

--------------------------------------------------
TXLib соболезнует...

Программа: E:\ItSchoolRep\ITSchool\HeroReturn\HeroReturn.exe, файл: Resources\\Libs\\TXLib.h, строка: 12110, функция: bool {anonymous}::TX::txSetPixel(double, double, COLORREF, HDC),

Сообщение: Окно рисования не создано или не в порядке.

#1: TXLib [Ver: 00173a, Rev: 165, Date: 2020-03-26 21:07:17 +0400], Instance: 0x006BF70C (32-bit), Flags: CMdRE0, Thread: 0x43DC (Main), GetLastError(): 13 (Недопустимые данные). 

--------------------------------------------------
Стек вызовов:



--------------------------------------------------
Developed with:

The Dumb Artist Library (TX Library)
TXLib [Ver: 00173a, Rev: 165, Date: 2020-03-26 21:07:17 +0400]
Copyright (C) Ded (Ilya Dedinsky, http://txlib.ru) <mail@txlib.ru>
See license on: http://txlib.ru

TXLib file:	Resources\\Libs\\TXLib.h
Compiled:	Jun 15 2020 13:55:30, GNU g++ 9.2.0, std=201402L, MinGW Runtime 5.3, 32-bit, Debug
Started:	Jun 15 2020 14:05:13

Run file:	E:\ItSchoolRep\ITSchool\HeroReturn\HeroReturn.exe
Directory:	E:\ItSchoolRep\ITSchool\HeroReturn

--------------------------------------------------

--------------------------------------------------
TXLib соболезнует...

Программа: E:\ItSchoolRep\ITSchool\HeroReturn - School edition\HeroReturn.exe, файл: Resources\\Libs\\TXLib.h, строка: 12110, функция: bool {anonymous}::TX::txSetPixel(double, double, COLORREF, HDC),

Сообщение: Окно рисования не создано или не в порядке.

#1: TXLib [Ver: 00173a, Rev: 165, Date: 2020-03-26 21:07:17 +0400], Instance: 0x006BF70C (32-bit), Flags: CMdRE0, Thread: 0x1824 (Main), GetLastError(): 13 (Недопустимые данные). 

--------------------------------------------------
Стек вызовов:



--------------------------------------------------
Developed with:

The Dumb Artist Library (TX Library)
TXLib [Ver: 00173a, Rev: 165, Date: 2020-03-26 21:07:17 +0400]
Copyright (C) Ded (Ilya Dedinsky, http://txlib.ru) <mail@txlib.ru>
See license on: http://txlib.ru

TXLib file:	Resources\\Libs\\TXLib.h
Compiled:	Jun 15 2020 13:55:30, GNU g++ 9.2.0, std=201402L, MinGW Runtime 5.3, 32-bit, Debug
Started:	Jul 29 2020 15:06:02

Run file:	E:\ItSchoolRep\ITSchool\HeroReturn - School edition\HeroReturn.exe
Directory:	E:\ItSchoolRep\ITSchool\HeroReturn - School edition

--------------------------------------------------

--------------------------------------------------
TXLib соболезнует...

Программа: E:\ItSchoolRep\ITSchool\HeroReturn - School edition\HeroReturn.exe, файл: Resources\\Libs\\TXLib.h, строка: 12110, функция: bool {anonymous}::TX::txSetPixel(double, double, COLORREF, HDC),

Сообщение: Окно рисования не создано или не в порядке.

#1: TXLib [Ver: 00173a, Rev: 165, Date: 2020-03-26 21:07:17 +0400], Instance: 0x006BF70C (32-bit), Flags: CMdRE0, Thread: 0x1B94 (Main), GetLastError(): 13 (Недопустимые данные). 

--------------------------------------------------
Стек вызовов:



--------------------------------------------------
Developed with:

The Dumb Artist Library (TX Library)
TXLib [Ver: 00173a, Rev: 165, Date: 2020-03-26 21:07:17 +0400]
Copyright (C) Ded (Ilya Dedinsky, http://txlib.ru) <mail@txlib.ru>
See license on: http://txlib.ru

TXLib file:	Resources\\Libs\\TXLib.h
Compiled:	Jun 15 2020 13:55:30, GNU g++ 9.2.0, std=201402L, MinGW Runtime 5.3, 32-bit, Debug
Started:	Jul 29 2020 15:35:55

Run file:	E:\ItSchoolRep\ITSchool\HeroReturn - School edition\HeroReturn.exe
Directory:	E:\ItSchoolRep\ITSchool\HeroReturn - School edition

--------------------------------------------------

--------------------------------------------------
TXLib соболезнует...

Программа: E:\ItSchoolRep\ITSchool\HeroReturn - School edition\HeroReturn.exe, файл: Resources\\Libs\\TXLib.h, строка: 12110, функция: bool {anonymous}::TX::txSetPixel(double, double, COLORREF, HDC),

Сообщение: Окно рисования не создано или не в порядке.

#1: TXLib [Ver: 00173a, Rev: 165, Date: 2020-03-26 21:07:17 +0400], Instance: 0x006BF70C (32-bit), Flags: CMdRE0, Thread: 0x1A34 (Main), GetLastError(): 13 (Недопустимые данные). 

--------------------------------------------------
Стек вызовов:



--------------------------------------------------
Developed with:

The Dumb Artist Library (TX Library)
TXLib [Ver: 00173a, Rev: 165, Date: 2020-03-26 21:07:17 +0400]
Copyright (C) Ded (Ilya Dedinsky, http://txlib.ru) <mail@txlib.ru>
See license on: http://txlib.ru

TXLib file:	Resources\\Libs\\TXLib.h
Compiled:	Jun 15 2020 13:55:30, GNU g++ 9.2.0, std=201402L, MinGW Runtime 5.3, 32-bit, Debug
Started:	Jul 30 2020 19:19:11

Run file:	E:\ItSchoolRep\ITSchool\HeroReturn - School edition\HeroReturn.exe
Directory:	E:\ItSchoolRep\ITSchool\HeroReturn - School edition

--------------------------------------------------

--------------------------------------------------
TXLib соболезнует...

Программа: E:\ItSchoolRep\ITSchool\HeroReturn - School edition\HeroReturn.exe, файл: Resources\\Libs\\TXLib.h, строка: 12061, функция: HBRUSH__* {anonymous}::TX::txSetFillColor(COLORREF, HDC),

Сообщение: Окно рисования не создано или не в порядке.

#1: TXLib [Ver: 00173a, Rev: 165, Date: 2020-03-26 21:07:17 +0400], Instance: 0x006BF70C (32-bit), Flags: CMdRE0, Thread: 0x1D0C (Main), GetLastError(): 13 (Недопустимые данные). 

--------------------------------------------------
Стек вызовов:



--------------------------------------------------
Developed with:

The Dumb Artist Library (TX Library)
TXLib [Ver: 00173a, Rev: 165, Date: 2020-03-26 21:07:17 +0400]
Copyright (C) Ded (Ilya Dedinsky, http://txlib.ru) <mail@txlib.ru>
See license on: http://txlib.ru

TXLib file:	Resources\\Libs\\TXLib.h
Compiled:	Jun 15 2020 13:55:30, GNU g++ 9.2.0, std=201402L, MinGW Runtime 5.3, 32-bit, Debug
Started:	Jul 30 2020 19:20:27

Run file:	E:\ItSchoolRep\ITSchool\HeroReturn - School edition\HeroReturn.exe
Directory:	E:\ItSchoolRep\ITSchool\HeroReturn - School edition

--------------------------------------------------

--------------------------------------------------
TXLib соболезнует...

Программа: E:\ItSchoolRep\ITSchool\HeroReturn - School edition\HeroReturn.exe, файл: Resources\\Libs\\TXLib.h, строка: 12061, функция: HBRUSH__* {anonymous}::TX::txSetFillColor(COLORREF, HDC),

Сообщение: Окно рисования не создано или не в порядке.

#1: TXLib [Ver: 00173a, Rev: 165, Date: 2020-03-26 21:07:17 +0400], Instance: 0x006BF70C (32-bit), Flags: CMdRE0, Thread: 0xB48 (Main), GetLastError(): 13 (Недопустимые данные). 

--------------------------------------------------
Стек вызовов:



--------------------------------------------------
Developed with:

The Dumb Artist Library (TX Library)
TXLib [Ver: 00173a, Rev: 165, Date: 2020-03-26 21:07:17 +0400]
Copyright (C) Ded (Ilya Dedinsky, http://txlib.ru) <mail@txlib.ru>
See license on: http://txlib.ru

TXLib file:	Resources\\Libs\\TXLib.h
Compiled:	Jun 15 2020 13:55:30, GNU g++ 9.2.0, std=201402L, MinGW Runtime 5.3, 32-bit, Debug
Started:	Jul 30 2020 19:20:49

Run file:	E:\ItSchoolRep\ITSchool\HeroReturn - School edition\HeroReturn.exe
Directory:	E:\ItSchoolRep\ITSchool\HeroReturn - School edition

--------------------------------------------------

--------------------------------------------------
TXLib соболезнует...

Программа: E:\ItSchoolRep\ITSchool\HeroReturn - School edition\HeroReturn.exe, файл: Resources\\Libs\\TXLib.h, строка: 12110, функция: bool {anonymous}::TX::txSetPixel(double, double, COLORREF, HDC),

Сообщение: Окно рисования не создано или не в порядке.

#1: TXLib [Ver: 00173a, Rev: 165, Date: 2020-03-26 21:07:17 +0400], Instance: 0x006BF70C (32-bit), Flags: CMdRE0, Thread: 0x21F0 (Main), GetLastError(): 13 (Недопустимые данные). 

--------------------------------------------------
Стек вызовов:



--------------------------------------------------
Developed with:

The Dumb Artist Library (TX Library)
TXLib [Ver: 00173a, Rev: 165, Date: 2020-03-26 21:07:17 +0400]
Copyright (C) Ded (Ilya Dedinsky, http://txlib.ru) <mail@txlib.ru>
See license on: http://txlib.ru

TXLib file:	Resources\\Libs\\TXLib.h
Compiled:	Jun 15 2020 13:55:30, GNU g++ 9.2.0, std=201402L, MinGW Runtime 5.3, 32-bit, Debug
Started:	Jul 30 2020 19:21:17

Run file:	E:\ItSchoolRep\ITSchool\HeroReturn - School edition\HeroReturn.exe
Directory:	E:\ItSchoolRep\ITSchool\HeroReturn - School edition

--------------------------------------------------
