
--------------------------------------------------
TXLib соболезнует...

Программа: e:\ItSchoolRep\ITSchool\HeroReturn - Legendary edition\HeroReturn.exe, файл: Resources\\Libs\\TXLib.h, строка: 12100, функция: bool {anonymous}::TX::txClear(HDC),

Сообщение: Окно рисования не создано или не в порядке.

#1: TXLib [Ver: 00173a, Rev: 165, Date: 2020-03-26 21:07:17 +0400], Instance: 0x006BF70C (32-bit), Flags: CMdrE0, Thread: 0x1A94 (Main), GetLastError(): 13 (Недопустимые данные). 

--------------------------------------------------
Стек вызовов:



--------------------------------------------------
Developed with:

The Dumb Artist Library (TX Library)
TXLib [Ver: 00173a, Rev: 165, Date: 2020-03-26 21:07:17 +0400]
Copyright (C) Ded (Ilya Dedinsky, http://txlib.ru) <mail@txlib.ru>
See license on: http://txlib.ru

TXLib file:	Resources\\Libs\\TXLib.h
Compiled:	Jun 22 2020 03:34:09, GNU g++ 9.2.0, std=201402L, MinGW Runtime 5.3, 32-bit, Debug
Started:	Jun 22 2020 03:34:31

Run file:	e:\ItSchoolRep\ITSchool\HeroReturn - Legendary edition\HeroReturn.exe
Directory:	e:\ItSchoolRep\ITSchool\HeroReturn - Legendary edition

--------------------------------------------------

--------------------------------------------------
TXLib соболезнует...

Программа: e:\ItSchoolRep\ITSchool\HeroReturn - Legendary edition\HeroReturn.exe, файл: Resources\\Libs\\TXLib.h, строка: 12110, функция: bool {anonymous}::TX::txSetPixel(double, double, COLORREF, HDC),

Сообщение: Окно рисования не создано или не в порядке.

#1: TXLib [Ver: 00173a, Rev: 165, Date: 2020-03-26 21:07:17 +0400], Instance: 0x006BF70C (32-bit), Flags: CMdRE0, Thread: 0x2D9C (Main), GetLastError(): 13 (Недопустимые данные). 

--------------------------------------------------
Стек вызовов:



--------------------------------------------------
Developed with:

The Dumb Artist Library (TX Library)
TXLib [Ver: 00173a, Rev: 165, Date: 2020-03-26 21:07:17 +0400]
Copyright (C) Ded (Ilya Dedinsky, http://txlib.ru) <mail@txlib.ru>
See license on: http://txlib.ru

TXLib file:	Resources\\Libs\\TXLib.h
Compiled:	Jun 22 2020 03:47:42, GNU g++ 9.2.0, std=201402L, MinGW Runtime 5.3, 32-bit, Debug
Started:	Jun 22 2020 03:48:04

Run file:	e:\ItSchoolRep\ITSchool\HeroReturn - Legendary edition\HeroReturn.exe
Directory:	e:\ItSchoolRep\ITSchool\HeroReturn - Legendary edition

--------------------------------------------------

--------------------------------------------------
TXLib сообщает:

Программа: e:\ItSchoolRep\ITSchool\HeroReturn - Legendary edition\HeroReturn.exe, файл: Resources\\Libs\\TXLib.h, строка: 12592, функция: bool {anonymous}::TX::txAlphaBlend(HDC, double, double, double, double, HDC, double, double, double),

Сообщение: Параметр "sourceImage" неверен. Возможно, этот холст не создан, или уже уничтожен, или не загрузилась картинка.

#1: TXLib [Ver: 00173a, Rev: 165, Date: 2020-03-26 21:07:17 +0400], Instance: 0x0045B70C (32-bit), Flags: CMdRe0, Thread: 0x323C (Main), GetLastError(): 13 (Недопустимые данные). 

--------------------------------------------------
Стек вызовов:



--------------------------------------------------
Developed with:

The Dumb Artist Library (TX Library)
TXLib [Ver: 00173a, Rev: 165, Date: 2020-03-26 21:07:17 +0400]
Copyright (C) Ded (Ilya Dedinsky, http://txlib.ru) <mail@txlib.ru>
See license on: http://txlib.ru

TXLib file:	Resources\\Libs\\TXLib.h
Compiled:	Jul  9 2020 17:35:19, GNU g++ 9.2.0, std=201402L, MinGW Runtime 5.3, 32-bit, Debug
Started:	Jul 09 2020 17:35:23

Run file:	e:\ItSchoolRep\ITSchool\HeroReturn - Legendary edition\HeroReturn.exe
Directory:	e:\ItSchoolRep\ITSchool\HeroReturn - Legendary edition

--------------------------------------------------

--------------------------------------------------
TXLib сообщает:

Программа: e:\ItSchoolRep\ITSchool\HeroReturn - Legendary edition\HeroReturn.exe, файл: Resources\\Libs\\TXLib.h, строка: 12592, функция: bool {anonymous}::TX::txAlphaBlend(HDC, double, double, double, double, HDC, double, double, double),

Сообщение: Параметр "sourceImage" неверен. Возможно, этот холст не создан, или уже уничтожен, или не загрузилась картинка.

#1: TXLib [Ver: 00173a, Rev: 165, Date: 2020-03-26 21:07:17 +0400], Instance: 0x0045B70C (32-bit), Flags: CMdRe0, Thread: 0x28D0 (Main), GetLastError(): 13 (Недопустимые данные). 

--------------------------------------------------
Стек вызовов:



--------------------------------------------------
Developed with:

The Dumb Artist Library (TX Library)
TXLib [Ver: 00173a, Rev: 165, Date: 2020-03-26 21:07:17 +0400]
Copyright (C) Ded (Ilya Dedinsky, http://txlib.ru) <mail@txlib.ru>
See license on: http://txlib.ru

TXLib file:	Resources\\Libs\\TXLib.h
Compiled:	Jul  9 2020 17:37:46, GNU g++ 9.2.0, std=201402L, MinGW Runtime 5.3, 32-bit, Debug
Started:	Jul 09 2020 17:37:50

Run file:	e:\ItSchoolRep\ITSchool\HeroReturn - Legendary edition\HeroReturn.exe
Directory:	e:\ItSchoolRep\ITSchool\HeroReturn - Legendary edition

--------------------------------------------------

--------------------------------------------------
TXLib сообщает:

Программа: e:\ItSchoolRep\ITSchool\HeroReturn - Legendary edition\HeroReturn.exe, файл: Resources\\Libs\\TXLib.h, строка: 12592, функция: bool {anonymous}::TX::txAlphaBlend(HDC, double, double, double, double, HDC, double, double, double),

Сообщение: Параметр "sourceImage" неверен. Возможно, этот холст не создан, или уже уничтожен, или не загрузилась картинка.

#2: TXLib [Ver: 00173a, Rev: 165, Date: 2020-03-26 21:07:17 +0400], Instance: 0x0045B70C (32-bit), Flags: CMdRe0, Thread: 0x28D0 (Main), GetLastError(): 13 (Недопустимые данные). 

--------------------------------------------------
Стек вызовов:



--------------------------------------------------
Developed with:

The Dumb Artist Library (TX Library)
TXLib [Ver: 00173a, Rev: 165, Date: 2020-03-26 21:07:17 +0400]
Copyright (C) Ded (Ilya Dedinsky, http://txlib.ru) <mail@txlib.ru>
See license on: http://txlib.ru

TXLib file:	Resources\\Libs\\TXLib.h
Compiled:	Jul  9 2020 17:37:46, GNU g++ 9.2.0, std=201402L, MinGW Runtime 5.3, 32-bit, Debug
Started:	Jul 09 2020 17:37:49

Run file:	e:\ItSchoolRep\ITSchool\HeroReturn - Legendary edition\HeroReturn.exe
Directory:	e:\ItSchoolRep\ITSchool\HeroReturn - Legendary edition

--------------------------------------------------

--------------------------------------------------
TXLib сообщает:

Программа: e:\ItSchoolRep\ITSchool\HeroReturn - Legendary edition\HeroReturn.exe, файл: Resources\\Libs\\TXLib.h, строка: 12592, функция: bool {anonymous}::TX::txAlphaBlend(HDC, double, double, double, double, HDC, double, double, double),

Сообщение: Параметр "sourceImage" неверен. Возможно, этот холст не создан, или уже уничтожен, или не загрузилась картинка.

#3: TXLib [Ver: 00173a, Rev: 165, Date: 2020-03-26 21:07:17 +0400], Instance: 0x0045B70C (32-bit), Flags: CMdRe0, Thread: 0x28D0 (Main), GetLastError(): 13 (Недопустимые данные). 

--------------------------------------------------
Стек вызовов:



--------------------------------------------------
Developed with:

The Dumb Artist Library (TX Library)
TXLib [Ver: 00173a, Rev: 165, Date: 2020-03-26 21:07:17 +0400]
Copyright (C) Ded (Ilya Dedinsky, http://txlib.ru) <mail@txlib.ru>
See license on: http://txlib.ru

TXLib file:	Resources\\Libs\\TXLib.h
Compiled:	Jul  9 2020 17:37:46, GNU g++ 9.2.0, std=201402L, MinGW Runtime 5.3, 32-bit, Debug
Started:	Jul 09 2020 17:37:49

Run file:	e:\ItSchoolRep\ITSchool\HeroReturn - Legendary edition\HeroReturn.exe
Directory:	e:\ItSchoolRep\ITSchool\HeroReturn - Legendary edition

--------------------------------------------------

--------------------------------------------------
TXLib сообщает:

Программа: e:\ItSchoolRep\ITSchool\HeroReturn - Legendary edition\HeroReturn.exe, файл: Resources\\Libs\\TXLib.h, строка: 12592, функция: bool {anonymous}::TX::txAlphaBlend(HDC, double, double, double, double, HDC, double, double, double),

Сообщение: Параметр "sourceImage" неверен. Возможно, этот холст не создан, или уже уничтожен, или не загрузилась картинка.

#4: TXLib [Ver: 00173a, Rev: 165, Date: 2020-03-26 21:07:17 +0400], Instance: 0x0045B70C (32-bit), Flags: CMdRe0, Thread: 0x28D0 (Main), GetLastError(): 13 (Недопустимые данные). 

--------------------------------------------------
Стек вызовов:



--------------------------------------------------
Developed with:

The Dumb Artist Library (TX Library)
TXLib [Ver: 00173a, Rev: 165, Date: 2020-03-26 21:07:17 +0400]
Copyright (C) Ded (Ilya Dedinsky, http://txlib.ru) <mail@txlib.ru>
See license on: http://txlib.ru

TXLib file:	Resources\\Libs\\TXLib.h
Compiled:	Jul  9 2020 17:37:46, GNU g++ 9.2.0, std=201402L, MinGW Runtime 5.3, 32-bit, Debug
Started:	Jul 09 2020 17:37:49

Run file:	e:\ItSchoolRep\ITSchool\HeroReturn - Legendary edition\HeroReturn.exe
Directory:	e:\ItSchoolRep\ITSchool\HeroReturn - Legendary edition

--------------------------------------------------

--------------------------------------------------
TXLib сообщает:

Программа: e:\ItSchoolRep\ITSchool\HeroReturn - Legendary edition\HeroReturn.exe, файл: Resources\\Libs\\TXLib.h, строка: 12592, функция: bool {anonymous}::TX::txAlphaBlend(HDC, double, double, double, double, HDC, double, double, double),

Сообщение: Параметр "sourceImage" неверен. Возможно, этот холст не создан, или уже уничтожен, или не загрузилась картинка.

#5: TXLib [Ver: 00173a, Rev: 165, Date: 2020-03-26 21:07:17 +0400], Instance: 0x0045B70C (32-bit), Flags: CMdRe0, Thread: 0x28D0 (Main), GetLastError(): 13 (Недопустимые данные). 

--------------------------------------------------
Стек вызовов:



--------------------------------------------------
Developed with:

The Dumb Artist Library (TX Library)
TXLib [Ver: 00173a, Rev: 165, Date: 2020-03-26 21:07:17 +0400]
Copyright (C) Ded (Ilya Dedinsky, http://txlib.ru) <mail@txlib.ru>
See license on: http://txlib.ru

TXLib file:	Resources\\Libs\\TXLib.h
Compiled:	Jul  9 2020 17:37:46, GNU g++ 9.2.0, std=201402L, MinGW Runtime 5.3, 32-bit, Debug
Started:	Jul 09 2020 17:37:49

Run file:	e:\ItSchoolRep\ITSchool\HeroReturn - Legendary edition\HeroReturn.exe
Directory:	e:\ItSchoolRep\ITSchool\HeroReturn - Legendary edition

--------------------------------------------------

--------------------------------------------------
TXLib сообщает:

Программа: e:\ItSchoolRep\ITSchool\HeroReturn - Legendary edition\HeroReturn.exe, файл: Resources\\Libs\\TXLib.h, строка: 12592, функция: bool {anonymous}::TX::txAlphaBlend(HDC, double, double, double, double, HDC, double, double, double),

Сообщение: Параметр "sourceImage" неверен. Возможно, этот холст не создан, или уже уничтожен, или не загрузилась картинка.

#6: TXLib [Ver: 00173a, Rev: 165, Date: 2020-03-26 21:07:17 +0400], Instance: 0x0045B70C (32-bit), Flags: CMdRe0, Thread: 0x28D0 (Main), GetLastError(): 13 (Недопустимые данные). 

--------------------------------------------------
Стек вызовов:



--------------------------------------------------
Developed with:

The Dumb Artist Library (TX Library)
TXLib [Ver: 00173a, Rev: 165, Date: 2020-03-26 21:07:17 +0400]
Copyright (C) Ded (Ilya Dedinsky, http://txlib.ru) <mail@txlib.ru>
See license on: http://txlib.ru

TXLib file:	Resources\\Libs\\TXLib.h
Compiled:	Jul  9 2020 17:37:46, GNU g++ 9.2.0, std=201402L, MinGW Runtime 5.3, 32-bit, Debug
Started:	Jul 09 2020 17:37:49

Run file:	e:\ItSchoolRep\ITSchool\HeroReturn - Legendary edition\HeroReturn.exe
Directory:	e:\ItSchoolRep\ITSchool\HeroReturn - Legendary edition

--------------------------------------------------

--------------------------------------------------
TXLib сообщает:

Программа: e:\ItSchoolRep\ITSchool\HeroReturn - Legendary edition\HeroReturn.exe, файл: Resources\\Libs\\TXLib.h, строка: 12592, функция: bool {anonymous}::TX::txAlphaBlend(HDC, double, double, double, double, HDC, double, double, double),

Сообщение: Параметр "sourceImage" неверен. Возможно, этот холст не создан, или уже уничтожен, или не загрузилась картинка.

#7: TXLib [Ver: 00173a, Rev: 165, Date: 2020-03-26 21:07:17 +0400], Instance: 0x0045B70C (32-bit), Flags: CMdRe0, Thread: 0x28D0 (Main), GetLastError(): 13 (Недопустимые данные). 

--------------------------------------------------
Стек вызовов:



--------------------------------------------------
Developed with:

The Dumb Artist Library (TX Library)
TXLib [Ver: 00173a, Rev: 165, Date: 2020-03-26 21:07:17 +0400]
Copyright (C) Ded (Ilya Dedinsky, http://txlib.ru) <mail@txlib.ru>
See license on: http://txlib.ru

TXLib file:	Resources\\Libs\\TXLib.h
Compiled:	Jul  9 2020 17:37:46, GNU g++ 9.2.0, std=201402L, MinGW Runtime 5.3, 32-bit, Debug
Started:	Jul 09 2020 17:37:49

Run file:	e:\ItSchoolRep\ITSchool\HeroReturn - Legendary edition\HeroReturn.exe
Directory:	e:\ItSchoolRep\ITSchool\HeroReturn - Legendary edition

--------------------------------------------------

--------------------------------------------------
TXLib сообщает:

Программа: e:\ItSchoolRep\ITSchool\HeroReturn - Legendary edition\HeroReturn.exe, файл: Resources\\Libs\\TXLib.h, строка: 12592, функция: bool {anonymous}::TX::txAlphaBlend(HDC, double, double, double, double, HDC, double, double, double),

Сообщение: Параметр "sourceImage" неверен. Возможно, этот холст не создан, или уже уничтожен, или не загрузилась картинка.

#8: TXLib [Ver: 00173a, Rev: 165, Date: 2020-03-26 21:07:17 +0400], Instance: 0x0045B70C (32-bit), Flags: CMdRe0, Thread: 0x28D0 (Main), GetLastError(): 13 (Недопустимые данные). 

--------------------------------------------------
Стек вызовов:



--------------------------------------------------
Developed with:

The Dumb Artist Library (TX Library)
TXLib [Ver: 00173a, Rev: 165, Date: 2020-03-26 21:07:17 +0400]
Copyright (C) Ded (Ilya Dedinsky, http://txlib.ru) <mail@txlib.ru>
See license on: http://txlib.ru

TXLib file:	Resources\\Libs\\TXLib.h
Compiled:	Jul  9 2020 17:37:46, GNU g++ 9.2.0, std=201402L, MinGW Runtime 5.3, 32-bit, Debug
Started:	Jul 09 2020 17:37:49

Run file:	e:\ItSchoolRep\ITSchool\HeroReturn - Legendary edition\HeroReturn.exe
Directory:	e:\ItSchoolRep\ITSchool\HeroReturn - Legendary edition

--------------------------------------------------

--------------------------------------------------
TXLib сообщает:

Программа: e:\ItSchoolRep\ITSchool\HeroReturn - Legendary edition\HeroReturn.exe, файл: Resources\\Libs\\TXLib.h, строка: 12592, функция: bool {anonymous}::TX::txAlphaBlend(HDC, double, double, double, double, HDC, double, double, double),

Сообщение: Параметр "sourceImage" неверен. Возможно, этот холст не создан, или уже уничтожен, или не загрузилась картинка.

#9: TXLib [Ver: 00173a, Rev: 165, Date: 2020-03-26 21:07:17 +0400], Instance: 0x0045B70C (32-bit), Flags: CMdRe0, Thread: 0x28D0 (Main), GetLastError(): 13 (Недопустимые данные). 

--------------------------------------------------
Стек вызовов:



--------------------------------------------------
Developed with:

The Dumb Artist Library (TX Library)
TXLib [Ver: 00173a, Rev: 165, Date: 2020-03-26 21:07:17 +0400]
Copyright (C) Ded (Ilya Dedinsky, http://txlib.ru) <mail@txlib.ru>
See license on: http://txlib.ru

TXLib file:	Resources\\Libs\\TXLib.h
Compiled:	Jul  9 2020 17:37:46, GNU g++ 9.2.0, std=201402L, MinGW Runtime 5.3, 32-bit, Debug
Started:	Jul 09 2020 17:37:49

Run file:	e:\ItSchoolRep\ITSchool\HeroReturn - Legendary edition\HeroReturn.exe
Directory:	e:\ItSchoolRep\ITSchool\HeroReturn - Legendary edition

--------------------------------------------------

--------------------------------------------------
TXLib сообщает:

Программа: e:\ItSchoolRep\ITSchool\HeroReturn - Legendary edition\HeroReturn.exe, файл: Resources\\Libs\\TXLib.h, строка: 12592, функция: bool {anonymous}::TX::txAlphaBlend(HDC, double, double, double, double, HDC, double, double, double),

Сообщение: Параметр "sourceImage" неверен. Возможно, этот холст не создан, или уже уничтожен, или не загрузилась картинка.

#10: TXLib [Ver: 00173a, Rev: 165, Date: 2020-03-26 21:07:17 +0400], Instance: 0x0045B70C (32-bit), Flags: CMdRe0, Thread: 0x28D0 (Main), GetLastError(): 13 (Недопустимые данные). 

--------------------------------------------------
Стек вызовов:



--------------------------------------------------
Developed with:

The Dumb Artist Library (TX Library)
TXLib [Ver: 00173a, Rev: 165, Date: 2020-03-26 21:07:17 +0400]
Copyright (C) Ded (Ilya Dedinsky, http://txlib.ru) <mail@txlib.ru>
See license on: http://txlib.ru

TXLib file:	Resources\\Libs\\TXLib.h
Compiled:	Jul  9 2020 17:37:46, GNU g++ 9.2.0, std=201402L, MinGW Runtime 5.3, 32-bit, Debug
Started:	Jul 09 2020 17:37:49

Run file:	e:\ItSchoolRep\ITSchool\HeroReturn - Legendary edition\HeroReturn.exe
Directory:	e:\ItSchoolRep\ITSchool\HeroReturn - Legendary edition

--------------------------------------------------

--------------------------------------------------
TXLib сообщает:

Программа: e:\ItSchoolRep\ITSchool\HeroReturn - Legendary edition\HeroReturn.exe, файл: Resources\\Libs\\TXLib.h, строка: 12592, функция: bool {anonymous}::TX::txAlphaBlend(HDC, double, double, double, double, HDC, double, double, double),

Сообщение: Параметр "sourceImage" неверен. Возможно, этот холст не создан, или уже уничтожен, или не загрузилась картинка.

#11: TXLib [Ver: 00173a, Rev: 165, Date: 2020-03-26 21:07:17 +0400], Instance: 0x0045B70C (32-bit), Flags: CMdRe0, Thread: 0x28D0 (Main), GetLastError(): 13 (Недопустимые данные). 

--------------------------------------------------
Стек вызовов:



--------------------------------------------------
Developed with:

The Dumb Artist Library (TX Library)
TXLib [Ver: 00173a, Rev: 165, Date: 2020-03-26 21:07:17 +0400]
Copyright (C) Ded (Ilya Dedinsky, http://txlib.ru) <mail@txlib.ru>
See license on: http://txlib.ru

TXLib file:	Resources\\Libs\\TXLib.h
Compiled:	Jul  9 2020 17:37:46, GNU g++ 9.2.0, std=201402L, MinGW Runtime 5.3, 32-bit, Debug
Started:	Jul 09 2020 17:37:49

Run file:	e:\ItSchoolRep\ITSchool\HeroReturn - Legendary edition\HeroReturn.exe
Directory:	e:\ItSchoolRep\ITSchool\HeroReturn - Legendary edition

--------------------------------------------------

--------------------------------------------------
TXLib сообщает:

Программа: e:\ItSchoolRep\ITSchool\HeroReturn - Legendary edition\HeroReturn.exe, файл: Resources\\Libs\\TXLib.h, строка: 12592, функция: bool {anonymous}::TX::txAlphaBlend(HDC, double, double, double, double, HDC, double, double, double),

Сообщение: Параметр "sourceImage" неверен. Возможно, этот холст не создан, или уже уничтожен, или не загрузилась картинка.

#12: TXLib [Ver: 00173a, Rev: 165, Date: 2020-03-26 21:07:17 +0400], Instance: 0x0045B70C (32-bit), Flags: CMdRe0, Thread: 0x28D0 (Main), GetLastError(): 13 (Недопустимые данные). 

--------------------------------------------------
Стек вызовов:



--------------------------------------------------
Developed with:

The Dumb Artist Library (TX Library)
TXLib [Ver: 00173a, Rev: 165, Date: 2020-03-26 21:07:17 +0400]
Copyright (C) Ded (Ilya Dedinsky, http://txlib.ru) <mail@txlib.ru>
See license on: http://txlib.ru

TXLib file:	Resources\\Libs\\TXLib.h
Compiled:	Jul  9 2020 17:37:46, GNU g++ 9.2.0, std=201402L, MinGW Runtime 5.3, 32-bit, Debug
Started:	Jul 09 2020 17:37:49

Run file:	e:\ItSchoolRep\ITSchool\HeroReturn - Legendary edition\HeroReturn.exe
Directory:	e:\ItSchoolRep\ITSchool\HeroReturn - Legendary edition

--------------------------------------------------

--------------------------------------------------
TXLib сообщает:

Программа: e:\ItSchoolRep\ITSchool\HeroReturn - Legendary edition\HeroReturn.exe, файл: Resources\\Libs\\TXLib.h, строка: 12592, функция: bool {anonymous}::TX::txAlphaBlend(HDC, double, double, double, double, HDC, double, double, double),

Сообщение: Параметр "sourceImage" неверен. Возможно, этот холст не создан, или уже уничтожен, или не загрузилась картинка.

#13: TXLib [Ver: 00173a, Rev: 165, Date: 2020-03-26 21:07:17 +0400], Instance: 0x0045B70C (32-bit), Flags: CMdRe0, Thread: 0x28D0 (Main), GetLastError(): 13 (Недопустимые данные). 

--------------------------------------------------
Стек вызовов:



--------------------------------------------------
Developed with:

The Dumb Artist Library (TX Library)
TXLib [Ver: 00173a, Rev: 165, Date: 2020-03-26 21:07:17 +0400]
Copyright (C) Ded (Ilya Dedinsky, http://txlib.ru) <mail@txlib.ru>
See license on: http://txlib.ru

TXLib file:	Resources\\Libs\\TXLib.h
Compiled:	Jul  9 2020 17:37:46, GNU g++ 9.2.0, std=201402L, MinGW Runtime 5.3, 32-bit, Debug
Started:	Jul 09 2020 17:37:49

Run file:	e:\ItSchoolRep\ITSchool\HeroReturn - Legendary edition\HeroReturn.exe
Directory:	e:\ItSchoolRep\ITSchool\HeroReturn - Legendary edition

--------------------------------------------------

--------------------------------------------------
TXLib сообщает:

Программа: e:\ItSchoolRep\ITSchool\HeroReturn - Legendary edition\HeroReturn.exe, файл: Resources\\Libs\\TXLib.h, строка: 12592, функция: bool {anonymous}::TX::txAlphaBlend(HDC, double, double, double, double, HDC, double, double, double),

Сообщение: Параметр "sourceImage" неверен. Возможно, этот холст не создан, или уже уничтожен, или не загрузилась картинка.

#1: TXLib [Ver: 00173a, Rev: 165, Date: 2020-03-26 21:07:17 +0400], Instance: 0x0045B70C (32-bit), Flags: CMdRe0, Thread: 0x1B24 (Main), GetLastError(): 13 (Недопустимые данные). 

--------------------------------------------------
Стек вызовов:



--------------------------------------------------
Developed with:

The Dumb Artist Library (TX Library)
TXLib [Ver: 00173a, Rev: 165, Date: 2020-03-26 21:07:17 +0400]
Copyright (C) Ded (Ilya Dedinsky, http://txlib.ru) <mail@txlib.ru>
See license on: http://txlib.ru

TXLib file:	Resources\\Libs\\TXLib.h
Compiled:	Jul  9 2020 17:41:53, GNU g++ 9.2.0, std=201402L, MinGW Runtime 5.3, 32-bit, Debug
Started:	Jul 09 2020 17:41:56

Run file:	e:\ItSchoolRep\ITSchool\HeroReturn - Legendary edition\HeroReturn.exe
Directory:	e:\ItSchoolRep\ITSchool\HeroReturn - Legendary edition

--------------------------------------------------

--------------------------------------------------
TXLib сообщает:

Программа: e:\ItSchoolRep\ITSchool\HeroReturn - Legendary edition\HeroReturn.exe, файл: Resources\\Libs\\TXLib.h, строка: 12592, функция: bool {anonymous}::TX::txAlphaBlend(HDC, double, double, double, double, HDC, double, double, double),

Сообщение: Параметр "sourceImage" неверен. Возможно, этот холст не создан, или уже уничтожен, или не загрузилась картинка.

#2: TXLib [Ver: 00173a, Rev: 165, Date: 2020-03-26 21:07:17 +0400], Instance: 0x0045B70C (32-bit), Flags: CMdRe0, Thread: 0x1B24 (Main), GetLastError(): 13 (Недопустимые данные). 

--------------------------------------------------
Стек вызовов:



--------------------------------------------------
Developed with:

The Dumb Artist Library (TX Library)
TXLib [Ver: 00173a, Rev: 165, Date: 2020-03-26 21:07:17 +0400]
Copyright (C) Ded (Ilya Dedinsky, http://txlib.ru) <mail@txlib.ru>
See license on: http://txlib.ru

TXLib file:	Resources\\Libs\\TXLib.h
Compiled:	Jul  9 2020 17:41:53, GNU g++ 9.2.0, std=201402L, MinGW Runtime 5.3, 32-bit, Debug
Started:	Jul 09 2020 17:41:56

Run file:	e:\ItSchoolRep\ITSchool\HeroReturn - Legendary edition\HeroReturn.exe
Directory:	e:\ItSchoolRep\ITSchool\HeroReturn - Legendary edition

--------------------------------------------------

--------------------------------------------------
TXLib соболезнует...

Программа: e:\ItSchoolRep\ITSchool\HeroReturn - Legendary edition\HeroReturn.exe, файл: Resources\\Libs\\TXLib.h, строка: 12061, функция: HBRUSH__* {anonymous}::TX::txSetFillColor(COLORREF, HDC),

Сообщение: Окно рисования не создано или не в порядке.

#1: TXLib [Ver: 00173a, Rev: 165, Date: 2020-03-26 21:07:17 +0400], Instance: 0x0045B70C (32-bit), Flags: CMdRE0, Thread: 0x2FAC (Main), GetLastError(): 13 (Недопустимые данные). 

--------------------------------------------------
Стек вызовов:



--------------------------------------------------
Developed with:

The Dumb Artist Library (TX Library)
TXLib [Ver: 00173a, Rev: 165, Date: 2020-03-26 21:07:17 +0400]
Copyright (C) Ded (Ilya Dedinsky, http://txlib.ru) <mail@txlib.ru>
See license on: http://txlib.ru

TXLib file:	Resources\\Libs\\TXLib.h
Compiled:	Jul  9 2020 17:46:22, GNU g++ 9.2.0, std=201402L, MinGW Runtime 5.3, 32-bit, Debug
Started:	Jul 09 2020 17:46:25

Run file:	e:\ItSchoolRep\ITSchool\HeroReturn - Legendary edition\HeroReturn.exe
Directory:	e:\ItSchoolRep\ITSchool\HeroReturn - Legendary edition

--------------------------------------------------

--------------------------------------------------
TXLib соболезнует...

Программа: e:\ItSchoolRep\ITSchool\HeroReturn - Legendary edition\HeroReturn.exe, файл: Resources\\Libs\\TXLib.h, строка: 12061, функция: HBRUSH__* {anonymous}::TX::txSetFillColor(COLORREF, HDC),

Сообщение: Окно рисования не создано или не в порядке.

#1: TXLib [Ver: 00173a, Rev: 165, Date: 2020-03-26 21:07:17 +0400], Instance: 0x0045B70C (32-bit), Flags: CMdRE0, Thread: 0x1504 (Main), GetLastError(): 13 (Недопустимые данные). 

--------------------------------------------------
Стек вызовов:



--------------------------------------------------
Developed with:

The Dumb Artist Library (TX Library)
TXLib [Ver: 00173a, Rev: 165, Date: 2020-03-26 21:07:17 +0400]
Copyright (C) Ded (Ilya Dedinsky, http://txlib.ru) <mail@txlib.ru>
See license on: http://txlib.ru

TXLib file:	Resources\\Libs\\TXLib.h
Compiled:	Jul  9 2020 17:47:26, GNU g++ 9.2.0, std=201402L, MinGW Runtime 5.3, 32-bit, Debug
Started:	Jul 09 2020 17:47:29

Run file:	e:\ItSchoolRep\ITSchool\HeroReturn - Legendary edition\HeroReturn.exe
Directory:	e:\ItSchoolRep\ITSchool\HeroReturn - Legendary edition

--------------------------------------------------

--------------------------------------------------
TXLib соболезнует...

Программа: E:\ItSchoolRep\ITSchool\HeroReturn - Legendary edition\HeroReturn.exe, файл: Resources\\Libs\\TXLib.h, строка: 12061, функция: HBRUSH__* {anonymous}::TX::txSetFillColor(COLORREF, HDC),

Сообщение: Окно рисования не создано или не в порядке.

#1: TXLib [Ver: 00173a, Rev: 165, Date: 2020-03-26 21:07:17 +0400], Instance: 0x0045B70C (32-bit), Flags: CMdrE0, Thread: 0x37F8 (Main), GetLastError(): 13 (Недопустимые данные). 

--------------------------------------------------
Стек вызовов:



--------------------------------------------------
Developed with:

The Dumb Artist Library (TX Library)
TXLib [Ver: 00173a, Rev: 165, Date: 2020-03-26 21:07:17 +0400]
Copyright (C) Ded (Ilya Dedinsky, http://txlib.ru) <mail@txlib.ru>
See license on: http://txlib.ru

TXLib file:	Resources\\Libs\\TXLib.h
Compiled:	Jul  9 2020 17:47:26, GNU g++ 9.2.0, std=201402L, MinGW Runtime 5.3, 32-bit, Debug
Started:	Aug 22 2020 00:24:48

Run file:	E:\ItSchoolRep\ITSchool\HeroReturn - Legendary edition\HeroReturn.exe
Directory:	E:\ItSchoolRep\ITSchool\HeroReturn - Legendary edition

--------------------------------------------------
