
--------------------------------------------------
TXLib сообщает:

Программа: d:\ItSchoolRep\ITSchool\HeroRetun\ImageArrayes\LoadImage.exe, файл: Resources\\TXLib.h, строка: 9863, функция: bool {anonymous}::TX::_txBuffer_Delete(HDC__**),

Сообщение: Параметр "*dc" неверен. Возможно, этот холст не создан, или уже уничтожен, или не загрузилась картинка.

#1: TXLib [Ver: 00173a, Rev: 165, Date: 2020-03-26 21:07:17 +0400], Instance: 0x0052F2F4 (32-bit), Flags: CMdrE0, Thread: 0xA1C (Canvas), GetLastError(): 13 (Недопустимые данные), errno: 34 (Result too large). 

--------------------------------------------------
Стек вызовов:

# 0 0x0040AC29 in d:\ItSchoolRep\ITSchool\HeroRetun\ImageArrayes\LoadImage.exe: (anonymous namespace)::TX::_txBuffer_Delete()
# 1 0x0040831D in d:\ItSchoolRep\ITSchool\HeroRetun\ImageArrayes\LoadImage.exe: (anonymous namespace)::TX::_txCanvas_OnDESTROY()
# 2 0x00407B49 in d:\ItSchoolRep\ITSchool\HeroRetun\ImageArrayes\LoadImage.exe: (anonymous namespace)::TX::_txCanvas_WndProc()
# 3 0x7577630A in C:\Windows\syswow64\USER32.dll: gapfnScSendMessage()
# 4 0x75776D4A in C:\Windows\syswow64\USER32.dll: GetThreadDesktop()
# 5 0x75776DF8 in C:\Windows\syswow64\USER32.dll: GetThreadDesktop()
# 6 0x75776E54 in C:\Windows\syswow64\USER32.dll: GetThreadDesktop()
# 7 0x7788010A in C:\Windows\SysWOW64\ntdll.dll: KiUserCallbackDispatcher()
# 8 0x00406CCA in d:\ItSchoolRep\ITSchool\HeroRetun\ImageArrayes\LoadImage.exe: (anonymous namespace)::TX::_txCanvas_ThreadProc()
# 9 0x75611287 in C:\Windows\syswow64\msvcrt.dll: itow_s()
#10 0x75611328 in C:\Windows\syswow64\msvcrt.dll: endthreadex()
#11 0x7615343D in C:\Windows\syswow64\kernel32.dll: BaseThreadInitThunk()
#12 0x778A9812 in C:\Windows\SysWOW64\ntdll.dll: RtlInitializeExceptionChain()
#13 0x778A97E5 in C:\Windows\SysWOW64\ntdll.dll: RtlInitializeExceptionChain()

--------------------------------------------------
Developed with:

The Dumb Artist Library (TX Library)
TXLib [Ver: 00173a, Rev: 165, Date: 2020-03-26 21:07:17 +0400]
Copyright (C) Ded (Ilya Dedinsky, http://txlib.ru) <mail@txlib.ru>
See license on: http://txlib.ru

TXLib file:	Resources\\TXLib.h
Compiled:	Mar 31 2020 17:36:24, GNU g++ 4.8.1, std=201103L, MinGW Runtime 3.20, 32-bit, Debug
Started:	Mar 31 2020 17:36:30

Run file:	d:\ItSchoolRep\ITSchool\HeroRetun\ImageArrayes\LoadImage.exe
Directory:	d:\ItSchoolRep\ITSchool\HeroRetun\ImageArrayes

--------------------------------------------------

--------------------------------------------------
TXLib сообщает:

Программа: d:\ItSchoolRep\ITSchool\HeroRetun\ImageArrayes\LoadImage.exe, файл: Resources\\TXLib.h, строка: 9863, функция: bool {anonymous}::TX::_txBuffer_Delete(HDC__**),

Сообщение: Параметр "*dc" неверен. Возможно, этот холст не создан, или уже уничтожен, или не загрузилась картинка.

#1: TXLib [Ver: 00173a, Rev: 165, Date: 2020-03-26 21:07:17 +0400], Instance: 0x0052F2F4 (32-bit), Flags: CMdrE0, Thread: 0x29E8 (Canvas), GetLastError(): 13 (Недопустимые данные), errno: 34 (Result too large). 

--------------------------------------------------
Стек вызовов:

# 0 0x0040AC29 in d:\ItSchoolRep\ITSchool\HeroRetun\ImageArrayes\LoadImage.exe: (anonymous namespace)::TX::_txBuffer_Delete()
# 1 0x0040831D in d:\ItSchoolRep\ITSchool\HeroRetun\ImageArrayes\LoadImage.exe: (anonymous namespace)::TX::_txCanvas_OnDESTROY()
# 2 0x00407B49 in d:\ItSchoolRep\ITSchool\HeroRetun\ImageArrayes\LoadImage.exe: (anonymous namespace)::TX::_txCanvas_WndProc()
# 3 0x7577630A in C:\Windows\syswow64\USER32.dll: gapfnScSendMessage()
# 4 0x75776D4A in C:\Windows\syswow64\USER32.dll: GetThreadDesktop()
# 5 0x75776DF8 in C:\Windows\syswow64\USER32.dll: GetThreadDesktop()
# 6 0x75776E54 in C:\Windows\syswow64\USER32.dll: GetThreadDesktop()
# 7 0x7788010A in C:\Windows\SysWOW64\ntdll.dll: KiUserCallbackDispatcher()
# 8 0x7577D00F in C:\Windows\syswow64\USER32.dll: WCSToMBEx()
# 9 0x7577D068 in C:\Windows\syswow64\USER32.dll: WCSToMBEx()
#10 0x00407CE5 in d:\ItSchoolRep\ITSchool\HeroRetun\ImageArrayes\LoadImage.exe: (anonymous namespace)::TX::_txCanvas_WndProc()
#11 0x7577630A in C:\Windows\syswow64\USER32.dll: gapfnScSendMessage()
#12 0x75776D4A in C:\Windows\syswow64\USER32.dll: GetThreadDesktop()
#13 0x75776DF8 in C:\Windows\syswow64\USER32.dll: GetThreadDesktop()
#14 0x75776E54 in C:\Windows\syswow64\USER32.dll: GetThreadDesktop()
#15 0x7788010A in C:\Windows\SysWOW64\ntdll.dll: KiUserCallbackDispatcher()
#16 0x7577D00F in C:\Windows\syswow64\USER32.dll: WCSToMBEx()
#17 0x6EFB7744 in C:\Windows\system32\uxtheme.dll: GetThemeBool()
#18 0x6EFBA092 in C:\Windows\system32\uxtheme.dll: SetWindowThemeAttribute()
#20 0x6EFB22C3 in C:\Windows\system32\uxtheme.dll: Ordinal49()
#21 0x7577D0BB in C:\Windows\syswow64\USER32.dll: WCSToMBEx()
#22 0x00407CE5 in d:\ItSchoolRep\ITSchool\HeroRetun\ImageArrayes\LoadImage.exe: (anonymous namespace)::TX::_txCanvas_WndProc()
#23 0x7577630A in C:\Windows\syswow64\USER32.dll: gapfnScSendMessage()
#24 0x75777326 in C:\Windows\syswow64\USER32.dll: GetDC()
#25 0x75776DF8 in C:\Windows\syswow64\USER32.dll: GetThreadDesktop()
#26 0x75776E54 in C:\Windows\syswow64\USER32.dll: GetThreadDesktop()
#27 0x7788010A in C:\Windows\SysWOW64\ntdll.dll: KiUserCallbackDispatcher()
#28 0x7577D00F in C:\Windows\syswow64\USER32.dll: WCSToMBEx()
#29 0x6EFB7744 in C:\Windows\system32\uxtheme.dll: GetThemeBool()
#30 0x6EFC6E85 in C:\Windows\system32\uxtheme.dll: GetCurrentThemeName()
#32 0x6EFB22C3 in C:\Windows\system32\uxtheme.dll: Ordinal49()
#33 0x7577D0BB in C:\Windows\syswow64\USER32.dll: WCSToMBEx()
#34 0x00407CE5 in d:\ItSchoolRep\ITSchool\HeroRetun\ImageArrayes\LoadImage.exe: (anonymous namespace)::TX::_txCanvas_WndProc()
#35 0x7577630A in C:\Windows\syswow64\USER32.dll: gapfnScSendMessage()
#36 0x75776D4A in C:\Windows\syswow64\USER32.dll: GetThreadDesktop()
#37 0x757777D7 in C:\Windows\syswow64\USER32.dll: CharPrevW()
#38 0x75777BDA in C:\Windows\syswow64\USER32.dll: DispatchMessageA()
#39 0x00406C95 in d:\ItSchoolRep\ITSchool\HeroRetun\ImageArrayes\LoadImage.exe: (anonymous namespace)::TX::_txCanvas_ThreadProc()
#40 0x75611287 in C:\Windows\syswow64\msvcrt.dll: itow_s()
#41 0x75611328 in C:\Windows\syswow64\msvcrt.dll: endthreadex()
#42 0x7615343D in C:\Windows\syswow64\kernel32.dll: BaseThreadInitThunk()
#43 0x778A9812 in C:\Windows\SysWOW64\ntdll.dll: RtlInitializeExceptionChain()
#44 0x778A97E5 in C:\Windows\SysWOW64\ntdll.dll: RtlInitializeExceptionChain()

--------------------------------------------------
Developed with:

The Dumb Artist Library (TX Library)
TXLib [Ver: 00173a, Rev: 165, Date: 2020-03-26 21:07:17 +0400]
Copyright (C) Ded (Ilya Dedinsky, http://txlib.ru) <mail@txlib.ru>
See license on: http://txlib.ru

TXLib file:	Resources\\TXLib.h
Compiled:	Mar 31 2020 17:36:53, GNU g++ 4.8.1, std=201103L, MinGW Runtime 3.20, 32-bit, Debug
Started:	Mar 31 2020 17:37:00

Run file:	d:\ItSchoolRep\ITSchool\HeroRetun\ImageArrayes\LoadImage.exe
Directory:	d:\ItSchoolRep\ITSchool\HeroRetun\ImageArrayes

--------------------------------------------------

--------------------------------------------------
TXLib сообщает:

Программа: d:\ItSchoolRep\ITSchool\HeroRetun\ImageArrayes\LoadImage.exe, файл: Resources\\TXLib.h, строка: 9863, функция: bool {anonymous}::TX::_txBuffer_Delete(HDC__**),

Сообщение: Параметр "*dc" неверен. Возможно, этот холст не создан, или уже уничтожен, или не загрузилась картинка.

#1: TXLib [Ver: 00173a, Rev: 165, Date: 2020-03-26 21:07:17 +0400], Instance: 0x0052F2F4 (32-bit), Flags: CMdrE0, Thread: 0x2B9C (Canvas), GetLastError(): 13 (Недопустимые данные), errno: 34 (Result too large). 

--------------------------------------------------
Стек вызовов:

# 0 0x0040AC29 in d:\ItSchoolRep\ITSchool\HeroRetun\ImageArrayes\LoadImage.exe: (anonymous namespace)::TX::_txBuffer_Delete()
# 1 0x0040831D in d:\ItSchoolRep\ITSchool\HeroRetun\ImageArrayes\LoadImage.exe: (anonymous namespace)::TX::_txCanvas_OnDESTROY()
# 2 0x00407B49 in d:\ItSchoolRep\ITSchool\HeroRetun\ImageArrayes\LoadImage.exe: (anonymous namespace)::TX::_txCanvas_WndProc()
# 3 0x7577630A in C:\Windows\syswow64\USER32.dll: gapfnScSendMessage()
# 4 0x75776D4A in C:\Windows\syswow64\USER32.dll: GetThreadDesktop()
# 5 0x75776DF8 in C:\Windows\syswow64\USER32.dll: GetThreadDesktop()
# 6 0x75776E54 in C:\Windows\syswow64\USER32.dll: GetThreadDesktop()
# 7 0x7788010A in C:\Windows\SysWOW64\ntdll.dll: KiUserCallbackDispatcher()
# 8 0x7577D00F in C:\Windows\syswow64\USER32.dll: WCSToMBEx()
# 9 0x7577D068 in C:\Windows\syswow64\USER32.dll: WCSToMBEx()
#10 0x00407CE5 in d:\ItSchoolRep\ITSchool\HeroRetun\ImageArrayes\LoadImage.exe: (anonymous namespace)::TX::_txCanvas_WndProc()
#11 0x7577630A in C:\Windows\syswow64\USER32.dll: gapfnScSendMessage()
#12 0x75776D4A in C:\Windows\syswow64\USER32.dll: GetThreadDesktop()
#13 0x75776DF8 in C:\Windows\syswow64\USER32.dll: GetThreadDesktop()
#14 0x75776E54 in C:\Windows\syswow64\USER32.dll: GetThreadDesktop()
#15 0x7788010A in C:\Windows\SysWOW64\ntdll.dll: KiUserCallbackDispatcher()
#16 0x7577D00F in C:\Windows\syswow64\USER32.dll: WCSToMBEx()
#17 0x6EFB7744 in C:\Windows\system32\uxtheme.dll: GetThemeBool()
#18 0x6EFBA092 in C:\Windows\system32\uxtheme.dll: SetWindowThemeAttribute()
#20 0x6EFB22C3 in C:\Windows\system32\uxtheme.dll: Ordinal49()
#21 0x7577D0BB in C:\Windows\syswow64\USER32.dll: WCSToMBEx()
#22 0x00407CE5 in d:\ItSchoolRep\ITSchool\HeroRetun\ImageArrayes\LoadImage.exe: (anonymous namespace)::TX::_txCanvas_WndProc()
#23 0x7577630A in C:\Windows\syswow64\USER32.dll: gapfnScSendMessage()
#24 0x75777326 in C:\Windows\syswow64\USER32.dll: GetDC()
#25 0x75776DF8 in C:\Windows\syswow64\USER32.dll: GetThreadDesktop()
#26 0x75776E54 in C:\Windows\syswow64\USER32.dll: GetThreadDesktop()
#27 0x7788010A in C:\Windows\SysWOW64\ntdll.dll: KiUserCallbackDispatcher()
#28 0x7577D00F in C:\Windows\syswow64\USER32.dll: WCSToMBEx()
#29 0x6EFB7744 in C:\Windows\system32\uxtheme.dll: GetThemeBool()
#30 0x6EFC6E85 in C:\Windows\system32\uxtheme.dll: GetCurrentThemeName()
#32 0x6EFB22C3 in C:\Windows\system32\uxtheme.dll: Ordinal49()
#33 0x7577D0BB in C:\Windows\syswow64\USER32.dll: WCSToMBEx()
#34 0x00407CE5 in d:\ItSchoolRep\ITSchool\HeroRetun\ImageArrayes\LoadImage.exe: (anonymous namespace)::TX::_txCanvas_WndProc()
#35 0x7577630A in C:\Windows\syswow64\USER32.dll: gapfnScSendMessage()
#36 0x75776D4A in C:\Windows\syswow64\USER32.dll: GetThreadDesktop()
#37 0x757777D7 in C:\Windows\syswow64\USER32.dll: CharPrevW()
#38 0x75777BDA in C:\Windows\syswow64\USER32.dll: DispatchMessageA()
#39 0x00406C95 in d:\ItSchoolRep\ITSchool\HeroRetun\ImageArrayes\LoadImage.exe: (anonymous namespace)::TX::_txCanvas_ThreadProc()
#40 0x75611287 in C:\Windows\syswow64\msvcrt.dll: itow_s()
#41 0x75611328 in C:\Windows\syswow64\msvcrt.dll: endthreadex()
#42 0x7615343D in C:\Windows\syswow64\kernel32.dll: BaseThreadInitThunk()
#43 0x778A9812 in C:\Windows\SysWOW64\ntdll.dll: RtlInitializeExceptionChain()
#44 0x778A97E5 in C:\Windows\SysWOW64\ntdll.dll: RtlInitializeExceptionChain()

--------------------------------------------------
Developed with:

The Dumb Artist Library (TX Library)
TXLib [Ver: 00173a, Rev: 165, Date: 2020-03-26 21:07:17 +0400]
Copyright (C) Ded (Ilya Dedinsky, http://txlib.ru) <mail@txlib.ru>
See license on: http://txlib.ru

TXLib file:	Resources\\TXLib.h
Compiled:	Mar 31 2020 17:37:18, GNU g++ 4.8.1, std=201103L, MinGW Runtime 3.20, 32-bit, Debug
Started:	Mar 31 2020 17:37:24

Run file:	d:\ItSchoolRep\ITSchool\HeroRetun\ImageArrayes\LoadImage.exe
Directory:	d:\ItSchoolRep\ITSchool\HeroRetun\ImageArrayes

--------------------------------------------------

--------------------------------------------------
TXLib предупреждает:

Программа: d:\ItSchoolRep\ITSchool\HeroRetun\ImageArrayes\LoadImage.exe,

ВНЕЗАПНО: Нарушение доступа к памяти.

#1: Исключение EXCEPTION_ACCESS_VIOLATION (0xC0000005) при выполнении кода по адресу 0x0041D41C в функции Save(). Попытка прочесть данные по адресу 0x2C2936A9. Спасибо _txVectoredExceptionHandler(), что сообщил. Люблю его <3

#1: TXLib [Ver: 00173a, Rev: 165, Date: 2020-03-26 21:07:17 +0400], Instance: 0x0052F2F4 (32-bit), Flags: CMdRe0, Thread: 0x1450 (Main), GetLastError(): 131 (Попытка поместить указатель на файл перед началом файла), _doserrno: 131 (Unknown error). 

--------------------------------------------------
Стек вызовов:

# 0 0x0041D41C in d:\ItSchoolRep\ITSchool\HeroRetun\ImageArrayes\LoadImage.exe: Save()
# 1 0x0041D282 in d:\ItSchoolRep\ITSchool\HeroRetun\ImageArrayes\LoadImage.exe: main()

--------------------------------------------------
Developed with:

The Dumb Artist Library (TX Library)
TXLib [Ver: 00173a, Rev: 165, Date: 2020-03-26 21:07:17 +0400]
Copyright (C) Ded (Ilya Dedinsky, http://txlib.ru) <mail@txlib.ru>
See license on: http://txlib.ru

TXLib file:	Resources\\TXLib.h
Compiled:	Mar 31 2020 17:56:12, GNU g++ 4.8.1, std=201103L, MinGW Runtime 3.20, 32-bit, Debug
Started:	Mar 31 2020 17:56:18

Run file:	d:\ItSchoolRep\ITSchool\HeroRetun\ImageArrayes\LoadImage.exe
Directory:	d:\ItSchoolRep\ITSchool\HeroRetun\ImageArrayes

--------------------------------------------------

--------------------------------------------------
TXLib соболезнует...

Программа: d:\ItSchoolRep\ITSchool\HeroRetun\ImageArrayes\LoadImage.exe,

ВНЕЗАПНО: signal (11, 0x00): SIGSEGV: Доступ по неверному указателю. Ставьте ассерты! 

Нарушение доступа к памяти.

#1: Исключение EXCEPTION_ACCESS_VIOLATION (0xC0000005) при выполнении кода по адресу 0x0041D41C в функции Save(). Попытка прочесть данные по адресу 0x2C2936A9. Спасибо _txVectoredExceptionHandler(), что сообщил. Люблю его <3

С помощью функции signal() вы можете сами обработать эту ошибку.

#2: TXLib [Ver: 00173a, Rev: 165, Date: 2020-03-26 21:07:17 +0400], Instance: 0x0052F2F4 (32-bit), Flags: CMdRe0, Thread: 0x1450 (Main), GetLastError(): 131 (Попытка поместить указатель на файл перед началом файла), _doserrno: 131 (Unknown error). 

--------------------------------------------------
Стек вызовов:

# 0 0x0041D41C in d:\ItSchoolRep\ITSchool\HeroRetun\ImageArrayes\LoadImage.exe: Save()
# 1 0x0041D282 in d:\ItSchoolRep\ITSchool\HeroRetun\ImageArrayes\LoadImage.exe: main()

--------------------------------------------------
Developed with:

The Dumb Artist Library (TX Library)
TXLib [Ver: 00173a, Rev: 165, Date: 2020-03-26 21:07:17 +0400]
Copyright (C) Ded (Ilya Dedinsky, http://txlib.ru) <mail@txlib.ru>
See license on: http://txlib.ru

TXLib file:	Resources\\TXLib.h
Compiled:	Mar 31 2020 17:56:12, GNU g++ 4.8.1, std=201103L, MinGW Runtime 3.20, 32-bit, Debug
Started:	Mar 31 2020 17:56:18

Run file:	d:\ItSchoolRep\ITSchool\HeroRetun\ImageArrayes\LoadImage.exe
Directory:	d:\ItSchoolRep\ITSchool\HeroRetun\ImageArrayes

--------------------------------------------------

--------------------------------------------------
TXLib предупреждает:

Программа: d:\ItSchoolRep\ITSchool\HeroRetun\ImageArrayes\LoadImage.exe,

ВНЕЗАПНО: Нарушение доступа к памяти.

#1: Исключение EXCEPTION_ACCESS_VIOLATION (0xC0000005) при выполнении кода по адресу 0x0041D41C в функции Save(). Попытка прочесть данные по адресу 0x2C2936A9. Спасибо _txVectoredExceptionHandler(), что сообщил. Люблю его <3

#1: TXLib [Ver: 00173a, Rev: 165, Date: 2020-03-26 21:07:17 +0400], Instance: 0x0052F2F4 (32-bit), Flags: CMdRe0, Thread: 0x2768 (Main), GetLastError(): 131 (Попытка поместить указатель на файл перед началом файла), _doserrno: 131 (Unknown error). 

--------------------------------------------------
Стек вызовов:

# 0 0x0041D41C in d:\ItSchoolRep\ITSchool\HeroRetun\ImageArrayes\LoadImage.exe: Save()
# 1 0x0041D282 in d:\ItSchoolRep\ITSchool\HeroRetun\ImageArrayes\LoadImage.exe: main()

--------------------------------------------------
Developed with:

The Dumb Artist Library (TX Library)
TXLib [Ver: 00173a, Rev: 165, Date: 2020-03-26 21:07:17 +0400]
Copyright (C) Ded (Ilya Dedinsky, http://txlib.ru) <mail@txlib.ru>
See license on: http://txlib.ru

TXLib file:	Resources\\TXLib.h
Compiled:	Mar 31 2020 17:57:17, GNU g++ 4.8.1, std=201103L, MinGW Runtime 3.20, 32-bit, Debug
Started:	Mar 31 2020 17:57:24

Run file:	d:\ItSchoolRep\ITSchool\HeroRetun\ImageArrayes\LoadImage.exe
Directory:	d:\ItSchoolRep\ITSchool\HeroRetun\ImageArrayes

--------------------------------------------------

--------------------------------------------------
TXLib соболезнует...

Программа: d:\ItSchoolRep\ITSchool\HeroRetun\ImageArrayes\LoadImage.exe,

ВНЕЗАПНО: signal (11, 0x00): SIGSEGV: Доступ по неверному указателю. Ставьте ассерты! 

Нарушение доступа к памяти.

#1: Исключение EXCEPTION_ACCESS_VIOLATION (0xC0000005) при выполнении кода по адресу 0x0041D41C в функции Save(). Попытка прочесть данные по адресу 0x2C2936A9. Спасибо _txVectoredExceptionHandler(), что сообщил. Люблю его <3

С помощью функции signal() вы можете сами обработать эту ошибку.

#2: TXLib [Ver: 00173a, Rev: 165, Date: 2020-03-26 21:07:17 +0400], Instance: 0x0052F2F4 (32-bit), Flags: CMdRe0, Thread: 0x2768 (Main), GetLastError(): 131 (Попытка поместить указатель на файл перед началом файла), _doserrno: 131 (Unknown error). 

--------------------------------------------------
Стек вызовов:

# 0 0x0041D41C in d:\ItSchoolRep\ITSchool\HeroRetun\ImageArrayes\LoadImage.exe: Save()
# 1 0x0041D282 in d:\ItSchoolRep\ITSchool\HeroRetun\ImageArrayes\LoadImage.exe: main()

--------------------------------------------------
Developed with:

The Dumb Artist Library (TX Library)
TXLib [Ver: 00173a, Rev: 165, Date: 2020-03-26 21:07:17 +0400]
Copyright (C) Ded (Ilya Dedinsky, http://txlib.ru) <mail@txlib.ru>
See license on: http://txlib.ru

TXLib file:	Resources\\TXLib.h
Compiled:	Mar 31 2020 17:57:17, GNU g++ 4.8.1, std=201103L, MinGW Runtime 3.20, 32-bit, Debug
Started:	Mar 31 2020 17:57:24

Run file:	d:\ItSchoolRep\ITSchool\HeroRetun\ImageArrayes\LoadImage.exe
Directory:	d:\ItSchoolRep\ITSchool\HeroRetun\ImageArrayes

--------------------------------------------------

--------------------------------------------------
TXLib предупреждает:

Программа: d:\ItSchoolRep\ITSchool\HeroRetun\ImageArrayes\LoadImage.exe,

ВНЕЗАПНО: Нарушение доступа к памяти.

#1: Исключение EXCEPTION_ACCESS_VIOLATION (0xC0000005) при выполнении кода по адресу 0x0041D41C в функции Save(). Попытка прочесть данные по адресу 0x2C293AA1. Спасибо _txVectoredExceptionHandler(), что сообщил. Люблю его <3

#1: TXLib [Ver: 00173a, Rev: 165, Date: 2020-03-26 21:07:17 +0400], Instance: 0x0052F2F4 (32-bit), Flags: CMdRe0, Thread: 0xF2C (Main), GetLastError(): 131 (Попытка поместить указатель на файл перед началом файла), _doserrno: 131 (Unknown error). 

--------------------------------------------------
Стек вызовов:

# 0 0x0041D41C in d:\ItSchoolRep\ITSchool\HeroRetun\ImageArrayes\LoadImage.exe: Save()
# 1 0x0041D282 in d:\ItSchoolRep\ITSchool\HeroRetun\ImageArrayes\LoadImage.exe: main()

--------------------------------------------------
Developed with:

The Dumb Artist Library (TX Library)
TXLib [Ver: 00173a, Rev: 165, Date: 2020-03-26 21:07:17 +0400]
Copyright (C) Ded (Ilya Dedinsky, http://txlib.ru) <mail@txlib.ru>
See license on: http://txlib.ru

TXLib file:	Resources\\TXLib.h
Compiled:	Mar 31 2020 17:58:00, GNU g++ 4.8.1, std=201103L, MinGW Runtime 3.20, 32-bit, Debug
Started:	Mar 31 2020 17:58:07

Run file:	d:\ItSchoolRep\ITSchool\HeroRetun\ImageArrayes\LoadImage.exe
Directory:	d:\ItSchoolRep\ITSchool\HeroRetun\ImageArrayes

--------------------------------------------------

--------------------------------------------------
TXLib соболезнует...

Программа: d:\ItSchoolRep\ITSchool\HeroRetun\ImageArrayes\LoadImage.exe,

ВНЕЗАПНО: signal (11, 0x00): SIGSEGV: Доступ по неверному указателю. Ставьте ассерты! 

Нарушение доступа к памяти.

#1: Исключение EXCEPTION_ACCESS_VIOLATION (0xC0000005) при выполнении кода по адресу 0x0041D41C в функции Save(). Попытка прочесть данные по адресу 0x2C293AA1. Спасибо _txVectoredExceptionHandler(), что сообщил. Люблю его <3

С помощью функции signal() вы можете сами обработать эту ошибку.

#2: TXLib [Ver: 00173a, Rev: 165, Date: 2020-03-26 21:07:17 +0400], Instance: 0x0052F2F4 (32-bit), Flags: CMdRe0, Thread: 0xF2C (Main), GetLastError(): 131 (Попытка поместить указатель на файл перед началом файла), _doserrno: 131 (Unknown error). 

--------------------------------------------------
Стек вызовов:

# 0 0x0041D41C in d:\ItSchoolRep\ITSchool\HeroRetun\ImageArrayes\LoadImage.exe: Save()
# 1 0x0041D282 in d:\ItSchoolRep\ITSchool\HeroRetun\ImageArrayes\LoadImage.exe: main()

--------------------------------------------------
Developed with:

The Dumb Artist Library (TX Library)
TXLib [Ver: 00173a, Rev: 165, Date: 2020-03-26 21:07:17 +0400]
Copyright (C) Ded (Ilya Dedinsky, http://txlib.ru) <mail@txlib.ru>
See license on: http://txlib.ru

TXLib file:	Resources\\TXLib.h
Compiled:	Mar 31 2020 17:58:00, GNU g++ 4.8.1, std=201103L, MinGW Runtime 3.20, 32-bit, Debug
Started:	Mar 31 2020 17:58:07

Run file:	d:\ItSchoolRep\ITSchool\HeroRetun\ImageArrayes\LoadImage.exe
Directory:	d:\ItSchoolRep\ITSchool\HeroRetun\ImageArrayes

--------------------------------------------------

--------------------------------------------------
TXLib предупреждает:

Программа: d:\ItSchoolRep\ITSchool\HeroRetun\ImageArrayes\LoadImage.exe,

ВНЕЗАПНО: Ю-ху! Переполнение стека!

#1: Исключение EXCEPTION_STACK_OVERFLOW (0xC00000FD) при выполнении кода по адресу 0x00429053 в функции __mingw_TLScallback(). Спасибо _txVectoredExceptionHandler(), что сообщил. Люблю его <3

#1: TXLib [Ver: 00173a, Rev: 165, Date: 2020-03-26 21:07:17 +0400], Instance: 0x006E62F4 (32-bit), Flags: Cmdre0, Thread: 0x2D5C (Main). 

--------------------------------------------------
Стек вызовов:

# 0 0x00429053 in d:\ItSchoolRep\ITSchool\HeroRetun\ImageArrayes\LoadImage.exe: __mingw_TLScallback()
# 1 0x0040127D in d:\ItSchoolRep\ITSchool\HeroRetun\ImageArrayes\LoadImage.exe: __mingw_CRTStartup()
# 2 0x004012A5 in d:\ItSchoolRep\ITSchool\HeroRetun\ImageArrayes\LoadImage.exe: mainCRTStartup()
# 3 0x778A9812 in C:\Windows\SysWOW64\ntdll.dll: RtlInitializeExceptionChain()
# 4 0x778A97E5 in C:\Windows\SysWOW64\ntdll.dll: RtlInitializeExceptionChain()

--------------------------------------------------
Developed with:

The Dumb Artist Library (TX Library)
TXLib [Ver: 00173a, Rev: 165, Date: 2020-03-26 21:07:17 +0400]
Copyright (C) Ded (Ilya Dedinsky, http://txlib.ru) <mail@txlib.ru>
See license on: http://txlib.ru

TXLib file:	Resources\\TXLib.h
Compiled:	Mar 31 2020 18:00:34, GNU g++ 4.8.1, std=201103L, MinGW Runtime 3.20, 32-bit, Debug
Started:	Mar 31 2020 18:00:41

Run file:	d:\ItSchoolRep\ITSchool\HeroRetun\ImageArrayes\LoadImage.exe
Directory:	d:\ItSchoolRep\ITSchool\HeroRetun\ImageArrayes

--------------------------------------------------

--------------------------------------------------
TXLib соболезнует...

Программа: d:\ItSchoolRep\ITSchool\HeroRetun\ImageArrayes\LoadImage.exe,

ВНЕЗАПНО: Ю-ху! Переполнение стека!

#1: Исключение EXCEPTION_STACK_OVERFLOW (0xC00000FD) при выполнении кода по адресу 0x00429053 в функции __mingw_TLScallback(). Спасибо _txVectoredExceptionHandler(), что сообщил. Люблю его <3

С помощью функции _set_se_translator() вы можете сами обработать эту ошибку.

#2: TXLib [Ver: 00173a, Rev: 165, Date: 2020-03-26 21:07:17 +0400], Instance: 0x006E62F4 (32-bit), Flags: Cmdre0, Thread: 0x2D5C (Main). 

--------------------------------------------------
Стек вызовов:

# 0 0x00429053 in d:\ItSchoolRep\ITSchool\HeroRetun\ImageArrayes\LoadImage.exe: __mingw_TLScallback()
# 1 0x0040127D in d:\ItSchoolRep\ITSchool\HeroRetun\ImageArrayes\LoadImage.exe: __mingw_CRTStartup()
# 2 0x004012A5 in d:\ItSchoolRep\ITSchool\HeroRetun\ImageArrayes\LoadImage.exe: mainCRTStartup()
# 3 0x778A9812 in C:\Windows\SysWOW64\ntdll.dll: RtlInitializeExceptionChain()
# 4 0x778A97E5 in C:\Windows\SysWOW64\ntdll.dll: RtlInitializeExceptionChain()

--------------------------------------------------
Developed with:

The Dumb Artist Library (TX Library)
TXLib [Ver: 00173a, Rev: 165, Date: 2020-03-26 21:07:17 +0400]
Copyright (C) Ded (Ilya Dedinsky, http://txlib.ru) <mail@txlib.ru>
See license on: http://txlib.ru

TXLib file:	Resources\\TXLib.h
Compiled:	Mar 31 2020 18:00:34, GNU g++ 4.8.1, std=201103L, MinGW Runtime 3.20, 32-bit, Debug
Started:	Mar 31 2020 18:00:41

Run file:	d:\ItSchoolRep\ITSchool\HeroRetun\ImageArrayes\LoadImage.exe
Directory:	d:\ItSchoolRep\ITSchool\HeroRetun\ImageArrayes

--------------------------------------------------

--------------------------------------------------
TXLib предупреждает:

Программа: d:\ItSchoolRep\ITSchool\HeroRetun\ImageArrayes\LoadImage.exe,

ВНЕЗАПНО: Ю-ху! Переполнение стека!

#1: Исключение EXCEPTION_STACK_OVERFLOW (0xC00000FD) при выполнении кода по адресу 0x00429053 в функции __mingw_TLScallback(). Спасибо _txVectoredExceptionHandler(), что сообщил. Люблю его <3

#1: TXLib [Ver: 00173a, Rev: 165, Date: 2020-03-26 21:07:17 +0400], Instance: 0x0055F2F4 (32-bit), Flags: CMdRe0, Thread: 0x28B8 (Main). 

--------------------------------------------------
Стек вызовов:

# 0 0x00429053 in d:\ItSchoolRep\ITSchool\HeroRetun\ImageArrayes\LoadImage.exe: __mingw_TLScallback()
# 1 0x0041D282 in d:\ItSchoolRep\ITSchool\HeroRetun\ImageArrayes\LoadImage.exe: main()

--------------------------------------------------
Developed with:

The Dumb Artist Library (TX Library)
TXLib [Ver: 00173a, Rev: 165, Date: 2020-03-26 21:07:17 +0400]
Copyright (C) Ded (Ilya Dedinsky, http://txlib.ru) <mail@txlib.ru>
See license on: http://txlib.ru

TXLib file:	Resources\\TXLib.h
Compiled:	Mar 31 2020 18:01:24, GNU g++ 4.8.1, std=201103L, MinGW Runtime 3.20, 32-bit, Debug
Started:	Mar 31 2020 18:01:31

Run file:	d:\ItSchoolRep\ITSchool\HeroRetun\ImageArrayes\LoadImage.exe
Directory:	d:\ItSchoolRep\ITSchool\HeroRetun\ImageArrayes

--------------------------------------------------

--------------------------------------------------
TXLib соболезнует...

Программа: d:\ItSchoolRep\ITSchool\HeroRetun\ImageArrayes\LoadImage.exe,

ВНЕЗАПНО: Ю-ху! Переполнение стека!

#1: Исключение EXCEPTION_STACK_OVERFLOW (0xC00000FD) при выполнении кода по адресу 0x00429053 в функции __mingw_TLScallback(). Спасибо _txVectoredExceptionHandler(), что сообщил. Люблю его <3

С помощью функции _set_se_translator() вы можете сами обработать эту ошибку.

#2: TXLib [Ver: 00173a, Rev: 165, Date: 2020-03-26 21:07:17 +0400], Instance: 0x0055F2F4 (32-bit), Flags: CMdRe0, Thread: 0x28B8 (Main). 

--------------------------------------------------
Стек вызовов:

# 0 0x00429053 in d:\ItSchoolRep\ITSchool\HeroRetun\ImageArrayes\LoadImage.exe: __mingw_TLScallback()
# 1 0x0041D282 in d:\ItSchoolRep\ITSchool\HeroRetun\ImageArrayes\LoadImage.exe: main()

--------------------------------------------------
Developed with:

The Dumb Artist Library (TX Library)
TXLib [Ver: 00173a, Rev: 165, Date: 2020-03-26 21:07:17 +0400]
Copyright (C) Ded (Ilya Dedinsky, http://txlib.ru) <mail@txlib.ru>
See license on: http://txlib.ru

TXLib file:	Resources\\TXLib.h
Compiled:	Mar 31 2020 18:01:24, GNU g++ 4.8.1, std=201103L, MinGW Runtime 3.20, 32-bit, Debug
Started:	Mar 31 2020 18:01:31

Run file:	d:\ItSchoolRep\ITSchool\HeroRetun\ImageArrayes\LoadImage.exe
Directory:	d:\ItSchoolRep\ITSchool\HeroRetun\ImageArrayes

--------------------------------------------------

--------------------------------------------------
TXLib сообщает:

Программа: d:\ItSchoolRep\ITSchool\HeroRetun\ImageArrayes\LoadImage.exe, файл: Resources\\TXLib.h, строка: 12512, функция: bool {anonymous}::TX::txBitBlt(HDC, double, double, double, double, HDC, double, double),

Сообщение: Параметр "sourceImage" неверен. Возможно, этот холст не создан, или уже уничтожен, или не загрузилась картинка.

#1: TXLib [Ver: 00173a, Rev: 165, Date: 2020-03-26 21:07:17 +0400], Instance: 0x005472F4 (32-bit), Flags: CMdRe0, Thread: 0x2C58 (Main), GetLastError(): 13 (Недопустимые данные). 

--------------------------------------------------
Стек вызовов:

# 0 0x00416F15 in d:\ItSchoolRep\ITSchool\HeroRetun\ImageArrayes\LoadImage.exe: (anonymous namespace)::TX::txBitBlt()
# 1 0x0041D218 in d:\ItSchoolRep\ITSchool\HeroRetun\ImageArrayes\LoadImage.exe: main()

--------------------------------------------------
Developed with:

The Dumb Artist Library (TX Library)
TXLib [Ver: 00173a, Rev: 165, Date: 2020-03-26 21:07:17 +0400]
Copyright (C) Ded (Ilya Dedinsky, http://txlib.ru) <mail@txlib.ru>
See license on: http://txlib.ru

TXLib file:	Resources\\TXLib.h
Compiled:	Mar 31 2020 18:15:40, GNU g++ 4.8.1, std=201103L, MinGW Runtime 3.20, 32-bit, Debug
Started:	Mar 31 2020 18:15:48

Run file:	d:\ItSchoolRep\ITSchool\HeroRetun\ImageArrayes\LoadImage.exe
Directory:	d:\ItSchoolRep\ITSchool\HeroRetun\ImageArrayes

--------------------------------------------------

--------------------------------------------------
TXLib предупреждает:

Программа: d:\ItSchoolRep\ITSchool\HeroRetun\ImageArrayes\LoadImage.exe,

ВНЕЗАПНО: Нарушение доступа к памяти.

#1: Исключение EXCEPTION_ACCESS_VIOLATION (0xC0000005) при выполнении кода по адресу 0x0041D424 в функции Save(). Попытка прочесть данные по адресу 0x2C2936C5. Спасибо _txVectoredExceptionHandler(), что сообщил. Люблю его <3

#1: TXLib [Ver: 00173a, Rev: 165, Date: 2020-03-26 21:07:17 +0400], Instance: 0x005472F4 (32-bit), Flags: CMdRe0, Thread: 0x2668 (Main), GetLastError(): 131 (Попытка поместить указатель на файл перед началом файла), _doserrno: 131 (Unknown error). 

--------------------------------------------------
Стек вызовов:

# 0 0x0041D424 in d:\ItSchoolRep\ITSchool\HeroRetun\ImageArrayes\LoadImage.exe: Save()
# 1 0x0041D28A in d:\ItSchoolRep\ITSchool\HeroRetun\ImageArrayes\LoadImage.exe: main()

--------------------------------------------------
Developed with:

The Dumb Artist Library (TX Library)
TXLib [Ver: 00173a, Rev: 165, Date: 2020-03-26 21:07:17 +0400]
Copyright (C) Ded (Ilya Dedinsky, http://txlib.ru) <mail@txlib.ru>
See license on: http://txlib.ru

TXLib file:	Resources\\TXLib.h
Compiled:	Mar 31 2020 18:16:10, GNU g++ 4.8.1, std=201103L, MinGW Runtime 3.20, 32-bit, Debug
Started:	Mar 31 2020 18:16:19

Run file:	d:\ItSchoolRep\ITSchool\HeroRetun\ImageArrayes\LoadImage.exe
Directory:	d:\ItSchoolRep\ITSchool\HeroRetun\ImageArrayes

--------------------------------------------------

--------------------------------------------------
TXLib соболезнует...

Программа: d:\ItSchoolRep\ITSchool\HeroRetun\ImageArrayes\LoadImage.exe,

ВНЕЗАПНО: signal (11, 0x00): SIGSEGV: Доступ по неверному указателю. Ставьте ассерты! 

Нарушение доступа к памяти.

#1: Исключение EXCEPTION_ACCESS_VIOLATION (0xC0000005) при выполнении кода по адресу 0x0041D424 в функции Save(). Попытка прочесть данные по адресу 0x2C2936C5. Спасибо _txVectoredExceptionHandler(), что сообщил. Люблю его <3

С помощью функции signal() вы можете сами обработать эту ошибку.

#2: TXLib [Ver: 00173a, Rev: 165, Date: 2020-03-26 21:07:17 +0400], Instance: 0x005472F4 (32-bit), Flags: CMdRe0, Thread: 0x2668 (Main), GetLastError(): 131 (Попытка поместить указатель на файл перед началом файла), _doserrno: 131 (Unknown error). 

--------------------------------------------------
Стек вызовов:

# 0 0x0041D424 in d:\ItSchoolRep\ITSchool\HeroRetun\ImageArrayes\LoadImage.exe: Save()
# 1 0x0041D28A in d:\ItSchoolRep\ITSchool\HeroRetun\ImageArrayes\LoadImage.exe: main()

--------------------------------------------------
Developed with:

The Dumb Artist Library (TX Library)
TXLib [Ver: 00173a, Rev: 165, Date: 2020-03-26 21:07:17 +0400]
Copyright (C) Ded (Ilya Dedinsky, http://txlib.ru) <mail@txlib.ru>
See license on: http://txlib.ru

TXLib file:	Resources\\TXLib.h
Compiled:	Mar 31 2020 18:16:10, GNU g++ 4.8.1, std=201103L, MinGW Runtime 3.20, 32-bit, Debug
Started:	Mar 31 2020 18:16:19

Run file:	d:\ItSchoolRep\ITSchool\HeroRetun\ImageArrayes\LoadImage.exe
Directory:	d:\ItSchoolRep\ITSchool\HeroRetun\ImageArrayes

--------------------------------------------------

--------------------------------------------------
TXLib предупреждает:

Программа: d:\ItSchoolRep\ITSchool\HeroRetun\ImageArrayes\LoadImage.exe,

ВНЕЗАПНО: Ю-ху! Переполнение стека!

#1: Исключение EXCEPTION_STACK_OVERFLOW (0xC00000FD) при выполнении кода по адресу 0x00429053 в функции __mingw_TLScallback(). Спасибо _txVectoredExceptionHandler(), что сообщил. Люблю его <3

#1: TXLib [Ver: 00173a, Rev: 165, Date: 2020-03-26 21:07:17 +0400], Instance: 0x005532F4 (32-bit), Flags: CMdRe0, Thread: 0x3268 (Main). 

--------------------------------------------------
Стек вызовов:

# 0 0x00429053 in d:\ItSchoolRep\ITSchool\HeroRetun\ImageArrayes\LoadImage.exe: __mingw_TLScallback()
# 1 0x0041D28A in d:\ItSchoolRep\ITSchool\HeroRetun\ImageArrayes\LoadImage.exe: main()

--------------------------------------------------
Developed with:

The Dumb Artist Library (TX Library)
TXLib [Ver: 00173a, Rev: 165, Date: 2020-03-26 21:07:17 +0400]
Copyright (C) Ded (Ilya Dedinsky, http://txlib.ru) <mail@txlib.ru>
See license on: http://txlib.ru

TXLib file:	Resources\\TXLib.h
Compiled:	Mar 31 2020 18:16:53, GNU g++ 4.8.1, std=201103L, MinGW Runtime 3.20, 32-bit, Debug
Started:	Mar 31 2020 18:17:01

Run file:	d:\ItSchoolRep\ITSchool\HeroRetun\ImageArrayes\LoadImage.exe
Directory:	d:\ItSchoolRep\ITSchool\HeroRetun\ImageArrayes

--------------------------------------------------

--------------------------------------------------
TXLib соболезнует...

Программа: d:\ItSchoolRep\ITSchool\HeroRetun\ImageArrayes\LoadImage.exe,

ВНЕЗАПНО: Ю-ху! Переполнение стека!

#1: Исключение EXCEPTION_STACK_OVERFLOW (0xC00000FD) при выполнении кода по адресу 0x00429053 в функции __mingw_TLScallback(). Спасибо _txVectoredExceptionHandler(), что сообщил. Люблю его <3

С помощью функции _set_se_translator() вы можете сами обработать эту ошибку.

#2: TXLib [Ver: 00173a, Rev: 165, Date: 2020-03-26 21:07:17 +0400], Instance: 0x005532F4 (32-bit), Flags: CMdRe0, Thread: 0x3268 (Main). 

--------------------------------------------------
Стек вызовов:

# 0 0x00429053 in d:\ItSchoolRep\ITSchool\HeroRetun\ImageArrayes\LoadImage.exe: __mingw_TLScallback()
# 1 0x0041D28A in d:\ItSchoolRep\ITSchool\HeroRetun\ImageArrayes\LoadImage.exe: main()

--------------------------------------------------
Developed with:

The Dumb Artist Library (TX Library)
TXLib [Ver: 00173a, Rev: 165, Date: 2020-03-26 21:07:17 +0400]
Copyright (C) Ded (Ilya Dedinsky, http://txlib.ru) <mail@txlib.ru>
See license on: http://txlib.ru

TXLib file:	Resources\\TXLib.h
Compiled:	Mar 31 2020 18:16:53, GNU g++ 4.8.1, std=201103L, MinGW Runtime 3.20, 32-bit, Debug
Started:	Mar 31 2020 18:17:01

Run file:	d:\ItSchoolRep\ITSchool\HeroRetun\ImageArrayes\LoadImage.exe
Directory:	d:\ItSchoolRep\ITSchool\HeroRetun\ImageArrayes

--------------------------------------------------

--------------------------------------------------
TXLib предупреждает:

Программа: d:\ItSchoolRep\ITSchool\HeroRetun\ImageArrayes\LoadImage.exe,

ВНЕЗАПНО: Нарушение доступа к памяти.

#1: Исключение EXCEPTION_ACCESS_VIOLATION (0xC0000005) при выполнении кода по адресу 0x0041D424 в функции Save(). Попытка прочесть данные по адресу 0x2C2936E5. Спасибо _txVectoredExceptionHandler(), что сообщил. Люблю его <3

#1: TXLib [Ver: 00173a, Rev: 165, Date: 2020-03-26 21:07:17 +0400], Instance: 0x0054D2F4 (32-bit), Flags: CMdRe0, Thread: 0x277C (Main), GetLastError(): 131 (Попытка поместить указатель на файл перед началом файла), _doserrno: 131 (Unknown error). 

--------------------------------------------------
Стек вызовов:

# 0 0x0041D424 in d:\ItSchoolRep\ITSchool\HeroRetun\ImageArrayes\LoadImage.exe: Save()
# 1 0x0041D28A in d:\ItSchoolRep\ITSchool\HeroRetun\ImageArrayes\LoadImage.exe: main()

--------------------------------------------------
Developed with:

The Dumb Artist Library (TX Library)
TXLib [Ver: 00173a, Rev: 165, Date: 2020-03-26 21:07:17 +0400]
Copyright (C) Ded (Ilya Dedinsky, http://txlib.ru) <mail@txlib.ru>
See license on: http://txlib.ru

TXLib file:	Resources\\TXLib.h
Compiled:	Mar 31 2020 18:17:14, GNU g++ 4.8.1, std=201103L, MinGW Runtime 3.20, 32-bit, Debug
Started:	Mar 31 2020 18:17:21

Run file:	d:\ItSchoolRep\ITSchool\HeroRetun\ImageArrayes\LoadImage.exe
Directory:	d:\ItSchoolRep\ITSchool\HeroRetun\ImageArrayes

--------------------------------------------------

--------------------------------------------------
TXLib соболезнует...

Программа: d:\ItSchoolRep\ITSchool\HeroRetun\ImageArrayes\LoadImage.exe,

ВНЕЗАПНО: signal (11, 0x00): SIGSEGV: Доступ по неверному указателю. Ставьте ассерты! 

Нарушение доступа к памяти.

#1: Исключение EXCEPTION_ACCESS_VIOLATION (0xC0000005) при выполнении кода по адресу 0x0041D424 в функции Save(). Попытка прочесть данные по адресу 0x2C2936E5. Спасибо _txVectoredExceptionHandler(), что сообщил. Люблю его <3

С помощью функции signal() вы можете сами обработать эту ошибку.

#2: TXLib [Ver: 00173a, Rev: 165, Date: 2020-03-26 21:07:17 +0400], Instance: 0x0054D2F4 (32-bit), Flags: CMdRe0, Thread: 0x277C (Main), GetLastError(): 131 (Попытка поместить указатель на файл перед началом файла), _doserrno: 131 (Unknown error). 

--------------------------------------------------
Стек вызовов:

# 0 0x0041D424 in d:\ItSchoolRep\ITSchool\HeroRetun\ImageArrayes\LoadImage.exe: Save()
# 1 0x0041D28A in d:\ItSchoolRep\ITSchool\HeroRetun\ImageArrayes\LoadImage.exe: main()

--------------------------------------------------
Developed with:

The Dumb Artist Library (TX Library)
TXLib [Ver: 00173a, Rev: 165, Date: 2020-03-26 21:07:17 +0400]
Copyright (C) Ded (Ilya Dedinsky, http://txlib.ru) <mail@txlib.ru>
See license on: http://txlib.ru

TXLib file:	Resources\\TXLib.h
Compiled:	Mar 31 2020 18:17:14, GNU g++ 4.8.1, std=201103L, MinGW Runtime 3.20, 32-bit, Debug
Started:	Mar 31 2020 18:17:21

Run file:	d:\ItSchoolRep\ITSchool\HeroRetun\ImageArrayes\LoadImage.exe
Directory:	d:\ItSchoolRep\ITSchool\HeroRetun\ImageArrayes

--------------------------------------------------

--------------------------------------------------
TXLib предупреждает:

Программа: d:\ItSchoolRep\ITSchool\HeroRetun\ImageArrayes\LoadImage.exe,

ВНЕЗАПНО: Нарушение доступа к памяти.

#1: Исключение EXCEPTION_ACCESS_VIOLATION (0xC0000005) при выполнении кода по адресу 0x0041D424 в функции Save(). Попытка прочесть данные по адресу 0x2C2936ED. Спасибо _txVectoredExceptionHandler(), что сообщил. Люблю его <3

#1: TXLib [Ver: 00173a, Rev: 165, Date: 2020-03-26 21:07:17 +0400], Instance: 0x0054E2F4 (32-bit), Flags: CMdRe0, Thread: 0x276C (Main), GetLastError(): 131 (Попытка поместить указатель на файл перед началом файла), _doserrno: 131 (Unknown error). 

--------------------------------------------------
Стек вызовов:

# 0 0x0041D424 in d:\ItSchoolRep\ITSchool\HeroRetun\ImageArrayes\LoadImage.exe: Save()
# 1 0x0041D28A in d:\ItSchoolRep\ITSchool\HeroRetun\ImageArrayes\LoadImage.exe: main()

--------------------------------------------------
Developed with:

The Dumb Artist Library (TX Library)
TXLib [Ver: 00173a, Rev: 165, Date: 2020-03-26 21:07:17 +0400]
Copyright (C) Ded (Ilya Dedinsky, http://txlib.ru) <mail@txlib.ru>
See license on: http://txlib.ru

TXLib file:	Resources\\TXLib.h
Compiled:	Mar 31 2020 18:18:24, GNU g++ 4.8.1, std=201103L, MinGW Runtime 3.20, 32-bit, Debug
Started:	Mar 31 2020 18:18:32

Run file:	d:\ItSchoolRep\ITSchool\HeroRetun\ImageArrayes\LoadImage.exe
Directory:	d:\ItSchoolRep\ITSchool\HeroRetun\ImageArrayes

--------------------------------------------------

--------------------------------------------------
TXLib соболезнует...

Программа: d:\ItSchoolRep\ITSchool\HeroRetun\ImageArrayes\LoadImage.exe,

ВНЕЗАПНО: signal (11, 0x00): SIGSEGV: Доступ по неверному указателю. Ставьте ассерты! 

Нарушение доступа к памяти.

#1: Исключение EXCEPTION_ACCESS_VIOLATION (0xC0000005) при выполнении кода по адресу 0x0041D424 в функции Save(). Попытка прочесть данные по адресу 0x2C2936ED. Спасибо _txVectoredExceptionHandler(), что сообщил. Люблю его <3

С помощью функции signal() вы можете сами обработать эту ошибку.

#2: TXLib [Ver: 00173a, Rev: 165, Date: 2020-03-26 21:07:17 +0400], Instance: 0x0054E2F4 (32-bit), Flags: CMdRe0, Thread: 0x276C (Main), GetLastError(): 131 (Попытка поместить указатель на файл перед началом файла), _doserrno: 131 (Unknown error). 

--------------------------------------------------
Стек вызовов:

# 0 0x0041D424 in d:\ItSchoolRep\ITSchool\HeroRetun\ImageArrayes\LoadImage.exe: Save()
# 1 0x0041D28A in d:\ItSchoolRep\ITSchool\HeroRetun\ImageArrayes\LoadImage.exe: main()

--------------------------------------------------
Developed with:

The Dumb Artist Library (TX Library)
TXLib [Ver: 00173a, Rev: 165, Date: 2020-03-26 21:07:17 +0400]
Copyright (C) Ded (Ilya Dedinsky, http://txlib.ru) <mail@txlib.ru>
See license on: http://txlib.ru

TXLib file:	Resources\\TXLib.h
Compiled:	Mar 31 2020 18:18:24, GNU g++ 4.8.1, std=201103L, MinGW Runtime 3.20, 32-bit, Debug
Started:	Mar 31 2020 18:18:32

Run file:	d:\ItSchoolRep\ITSchool\HeroRetun\ImageArrayes\LoadImage.exe
Directory:	d:\ItSchoolRep\ITSchool\HeroRetun\ImageArrayes

--------------------------------------------------

--------------------------------------------------
TXLib предупреждает:

Программа: d:\ItSchoolRep\ITSchool\HeroRetun\ImageArrayes\LoadImage.exe,

ВНЕЗАПНО: Нарушение доступа к памяти.

#2: Исключение EXCEPTION_ACCESS_VIOLATION (0xC0000005) при выполнении кода по адресу 0x0041D424 в функции Save(). Попытка прочесть данные по адресу 0x2C2936F1. Спасибо _txVectoredExceptionHandler(), что сообщил. Люблю его <3

#1: TXLib [Ver: 00173a, Rev: 165, Date: 2020-03-26 21:07:17 +0400], Instance: 0x005502F4 (32-bit), Flags: CMdRe0, Thread: 0x2064 (Main), GetLastError(): 131 (Попытка поместить указатель на файл перед началом файла), _doserrno: 131 (Unknown error). 

--------------------------------------------------
Стек вызовов:

# 0 0x0040BD0C in d:\ItSchoolRep\ITSchool\HeroRetun\ImageArrayes\LoadImage.exe: (anonymous namespace)::TX::_txOnExceptionSEH()
# 1 0x0040B712 in d:\ItSchoolRep\ITSchool\HeroRetun\ImageArrayes\LoadImage.exe: (anonymous namespace)::TX::_txVectoredExceptionHandler()
# 2 0x778E3EBE in C:\Windows\SysWOW64\ntdll.dll: RtlGetProcessHeaps()
# 3 0x778D369A in C:\Windows\SysWOW64\ntdll.dll: RtlCaptureContext()
# 4 0x778D335A in C:\Windows\SysWOW64\ntdll.dll: RtlDestroyEnvironment()
# 5 0x77880133 in C:\Windows\SysWOW64\ntdll.dll: KiUserExceptionDispatcher()
# 6 0x0041D28A in d:\ItSchoolRep\ITSchool\HeroRetun\ImageArrayes\LoadImage.exe: main()

--------------------------------------------------
Developed with:

The Dumb Artist Library (TX Library)
TXLib [Ver: 00173a, Rev: 165, Date: 2020-03-26 21:07:17 +0400]
Copyright (C) Ded (Ilya Dedinsky, http://txlib.ru) <mail@txlib.ru>
See license on: http://txlib.ru

TXLib file:	Resources\\TXLib.h
Compiled:	Mar 31 2020 18:19:06, GNU g++ 4.8.1, std=201103L, MinGW Runtime 3.20, 32-bit, Debug
Started:	Mar 31 2020 18:19:13

Run file:	d:\ItSchoolRep\ITSchool\HeroRetun\ImageArrayes\LoadImage.exe
Directory:	d:\ItSchoolRep\ITSchool\HeroRetun\ImageArrayes

--------------------------------------------------

--------------------------------------------------
TXLib соболезнует...

Программа: d:\ItSchoolRep\ITSchool\HeroRetun\ImageArrayes\LoadImage.exe,

ВНЕЗАПНО: signal (11, 0x00): SIGSEGV: Доступ по неверному указателю. Ставьте ассерты! 

Нарушение доступа к памяти.

#2: Исключение EXCEPTION_ACCESS_VIOLATION (0xC0000005) при выполнении кода по адресу 0x0041D424 в функции Save(). Попытка прочесть данные по адресу 0x2C2936F1. Спасибо _txVectoredExceptionHandler(), что сообщил. Люблю его <3

С помощью функции signal() вы можете сами обработать эту ошибку.

#2: TXLib [Ver: 00173a, Rev: 165, Date: 2020-03-26 21:07:17 +0400], Instance: 0x005502F4 (32-bit), Flags: CMdRe0, Thread: 0x2064 (Main), GetLastError(): 131 (Попытка поместить указатель на файл перед началом файла), _doserrno: 131 (Unknown error). 

--------------------------------------------------
Стек вызовов:

# 0 0x0040B370 in d:\ItSchoolRep\ITSchool\HeroRetun\ImageArrayes\LoadImage.exe: (anonymous namespace)::TX::_txOnSignal()
# 1 0x004010F9 in d:\ItSchoolRep\ITSchool\HeroRetun\ImageArrayes\LoadImage.exe: _gnu_exception_handler@4()
# 2 0x778E50D7 in C:\Windows\SysWOW64\ntdll.dll: RtlKnownExceptionFilter()
# 3 0x778A97E5 in C:\Windows\SysWOW64\ntdll.dll: RtlInitializeExceptionChain()

--------------------------------------------------
Developed with:

The Dumb Artist Library (TX Library)
TXLib [Ver: 00173a, Rev: 165, Date: 2020-03-26 21:07:17 +0400]
Copyright (C) Ded (Ilya Dedinsky, http://txlib.ru) <mail@txlib.ru>
See license on: http://txlib.ru

TXLib file:	Resources\\TXLib.h
Compiled:	Mar 31 2020 18:19:06, GNU g++ 4.8.1, std=201103L, MinGW Runtime 3.20, 32-bit, Debug
Started:	Mar 31 2020 18:19:13

Run file:	d:\ItSchoolRep\ITSchool\HeroRetun\ImageArrayes\LoadImage.exe
Directory:	d:\ItSchoolRep\ITSchool\HeroRetun\ImageArrayes

--------------------------------------------------

--------------------------------------------------
TXLib предупреждает:

Программа: d:\ItSchoolRep\ITSchool\HeroRetun\ImageArrayes\LoadImage.exe,

ВНЕЗАПНО: Ю-ху! Переполнение стека!

#1: Исключение EXCEPTION_STACK_OVERFLOW (0xC00000FD) при выполнении кода по адресу 0x00429053 в функции __mingw_TLScallback(). Спасибо _txVectoredExceptionHandler(), что сообщил. Люблю его <3

#1: TXLib [Ver: 00173a, Rev: 165, Date: 2020-03-26 21:07:17 +0400], Instance: 0x005512F4 (32-bit), Flags: CMdRe0, Thread: 0x1560 (Main). 

--------------------------------------------------
Стек вызовов:

# 0 0x00429053 in d:\ItSchoolRep\ITSchool\HeroRetun\ImageArrayes\LoadImage.exe: __mingw_TLScallback()
# 1 0x0041D28A in d:\ItSchoolRep\ITSchool\HeroRetun\ImageArrayes\LoadImage.exe: main()

--------------------------------------------------
Developed with:

The Dumb Artist Library (TX Library)
TXLib [Ver: 00173a, Rev: 165, Date: 2020-03-26 21:07:17 +0400]
Copyright (C) Ded (Ilya Dedinsky, http://txlib.ru) <mail@txlib.ru>
See license on: http://txlib.ru

TXLib file:	Resources\\TXLib.h
Compiled:	Mar 31 2020 18:19:56, GNU g++ 4.8.1, std=201103L, MinGW Runtime 3.20, 32-bit, Debug
Started:	Mar 31 2020 18:20:04

Run file:	d:\ItSchoolRep\ITSchool\HeroRetun\ImageArrayes\LoadImage.exe
Directory:	d:\ItSchoolRep\ITSchool\HeroRetun\ImageArrayes

--------------------------------------------------

--------------------------------------------------
TXLib соболезнует...

Программа: d:\ItSchoolRep\ITSchool\HeroRetun\ImageArrayes\LoadImage.exe,

ВНЕЗАПНО: Ю-ху! Переполнение стека!

#1: Исключение EXCEPTION_STACK_OVERFLOW (0xC00000FD) при выполнении кода по адресу 0x00429053 в функции __mingw_TLScallback(). Спасибо _txVectoredExceptionHandler(), что сообщил. Люблю его <3

С помощью функции _set_se_translator() вы можете сами обработать эту ошибку.

#2: TXLib [Ver: 00173a, Rev: 165, Date: 2020-03-26 21:07:17 +0400], Instance: 0x005512F4 (32-bit), Flags: CMdRe0, Thread: 0x1560 (Main). 

--------------------------------------------------
Стек вызовов:

# 0 0x00429053 in d:\ItSchoolRep\ITSchool\HeroRetun\ImageArrayes\LoadImage.exe: __mingw_TLScallback()
# 1 0x0041D28A in d:\ItSchoolRep\ITSchool\HeroRetun\ImageArrayes\LoadImage.exe: main()

--------------------------------------------------
Developed with:

The Dumb Artist Library (TX Library)
TXLib [Ver: 00173a, Rev: 165, Date: 2020-03-26 21:07:17 +0400]
Copyright (C) Ded (Ilya Dedinsky, http://txlib.ru) <mail@txlib.ru>
See license on: http://txlib.ru

TXLib file:	Resources\\TXLib.h
Compiled:	Mar 31 2020 18:19:56, GNU g++ 4.8.1, std=201103L, MinGW Runtime 3.20, 32-bit, Debug
Started:	Mar 31 2020 18:20:04

Run file:	d:\ItSchoolRep\ITSchool\HeroRetun\ImageArrayes\LoadImage.exe
Directory:	d:\ItSchoolRep\ITSchool\HeroRetun\ImageArrayes

--------------------------------------------------

--------------------------------------------------
TXLib предупреждает:

Программа: d:\ItSchoolRep\ITSchool\HeroRetun\ImageArrayes\LoadImage.exe,

ВНЕЗАПНО: Ю-ху! Переполнение стека!

#1: Исключение EXCEPTION_STACK_OVERFLOW (0xC00000FD) при выполнении кода по адресу 0x00429053 в функции __mingw_TLScallback(). Спасибо _txVectoredExceptionHandler(), что сообщил. Люблю его <3

#1: TXLib [Ver: 00173a, Rev: 165, Date: 2020-03-26 21:07:17 +0400], Instance: 0x005512F4 (32-bit), Flags: CMdRe0, Thread: 0x1FEC (Main). 

--------------------------------------------------
Стек вызовов:

# 0 0x00429053 in d:\ItSchoolRep\ITSchool\HeroRetun\ImageArrayes\LoadImage.exe: __mingw_TLScallback()
# 1 0x0041D28A in d:\ItSchoolRep\ITSchool\HeroRetun\ImageArrayes\LoadImage.exe: main()

--------------------------------------------------
Developed with:

The Dumb Artist Library (TX Library)
TXLib [Ver: 00173a, Rev: 165, Date: 2020-03-26 21:07:17 +0400]
Copyright (C) Ded (Ilya Dedinsky, http://txlib.ru) <mail@txlib.ru>
See license on: http://txlib.ru

TXLib file:	Resources\\TXLib.h
Compiled:	Mar 31 2020 18:20:25, GNU g++ 4.8.1, std=201103L, MinGW Runtime 3.20, 32-bit, Debug
Started:	Mar 31 2020 18:20:34

Run file:	d:\ItSchoolRep\ITSchool\HeroRetun\ImageArrayes\LoadImage.exe
Directory:	d:\ItSchoolRep\ITSchool\HeroRetun\ImageArrayes

--------------------------------------------------

--------------------------------------------------
TXLib соболезнует...

Программа: d:\ItSchoolRep\ITSchool\HeroRetun\ImageArrayes\LoadImage.exe,

ВНЕЗАПНО: Ю-ху! Переполнение стека!

#1: Исключение EXCEPTION_STACK_OVERFLOW (0xC00000FD) при выполнении кода по адресу 0x00429053 в функции __mingw_TLScallback(). Спасибо _txVectoredExceptionHandler(), что сообщил. Люблю его <3

С помощью функции _set_se_translator() вы можете сами обработать эту ошибку.

#2: TXLib [Ver: 00173a, Rev: 165, Date: 2020-03-26 21:07:17 +0400], Instance: 0x005512F4 (32-bit), Flags: CMdRe0, Thread: 0x1FEC (Main). 

--------------------------------------------------
Стек вызовов:

# 0 0x00429053 in d:\ItSchoolRep\ITSchool\HeroRetun\ImageArrayes\LoadImage.exe: __mingw_TLScallback()
# 1 0x0041D28A in d:\ItSchoolRep\ITSchool\HeroRetun\ImageArrayes\LoadImage.exe: main()

--------------------------------------------------
Developed with:

The Dumb Artist Library (TX Library)
TXLib [Ver: 00173a, Rev: 165, Date: 2020-03-26 21:07:17 +0400]
Copyright (C) Ded (Ilya Dedinsky, http://txlib.ru) <mail@txlib.ru>
See license on: http://txlib.ru

TXLib file:	Resources\\TXLib.h
Compiled:	Mar 31 2020 18:20:25, GNU g++ 4.8.1, std=201103L, MinGW Runtime 3.20, 32-bit, Debug
Started:	Mar 31 2020 18:20:34

Run file:	d:\ItSchoolRep\ITSchool\HeroRetun\ImageArrayes\LoadImage.exe
Directory:	d:\ItSchoolRep\ITSchool\HeroRetun\ImageArrayes

--------------------------------------------------

--------------------------------------------------
TXLib предупреждает:

Программа: d:\ItSchoolRep\ITSchool\HeroRetun\ImageArrayes\LoadImage.exe,

ВНЕЗАПНО: Нарушение доступа к памяти.

#2: Исключение EXCEPTION_ACCESS_VIOLATION (0xC0000005) при выполнении кода по адресу 0x0041D424 в функции Save(). Попытка прочесть данные по адресу 0x2C2936F9. Спасибо _txVectoredExceptionHandler(), что сообщил. Люблю его <3

#1: TXLib [Ver: 00173a, Rev: 165, Date: 2020-03-26 21:07:17 +0400], Instance: 0x005502F4 (32-bit), Flags: CMdRe0, Thread: 0x32B4 (Main), GetLastError(): 131 (Попытка поместить указатель на файл перед началом файла), _doserrno: 131 (Unknown error). 

--------------------------------------------------
Стек вызовов:

# 0 0x0040BD0C in d:\ItSchoolRep\ITSchool\HeroRetun\ImageArrayes\LoadImage.exe: (anonymous namespace)::TX::_txOnExceptionSEH()
# 1 0x0040B712 in d:\ItSchoolRep\ITSchool\HeroRetun\ImageArrayes\LoadImage.exe: (anonymous namespace)::TX::_txVectoredExceptionHandler()
# 2 0x778E3EBE in C:\Windows\SysWOW64\ntdll.dll: RtlGetProcessHeaps()
# 3 0x778D369A in C:\Windows\SysWOW64\ntdll.dll: RtlCaptureContext()
# 4 0x778D335A in C:\Windows\SysWOW64\ntdll.dll: RtlDestroyEnvironment()
# 5 0x77880133 in C:\Windows\SysWOW64\ntdll.dll: KiUserExceptionDispatcher()
# 6 0x0041D28A in d:\ItSchoolRep\ITSchool\HeroRetun\ImageArrayes\LoadImage.exe: main()

--------------------------------------------------
Developed with:

The Dumb Artist Library (TX Library)
TXLib [Ver: 00173a, Rev: 165, Date: 2020-03-26 21:07:17 +0400]
Copyright (C) Ded (Ilya Dedinsky, http://txlib.ru) <mail@txlib.ru>
See license on: http://txlib.ru

TXLib file:	Resources\\TXLib.h
Compiled:	Mar 31 2020 18:20:38, GNU g++ 4.8.1, std=201103L, MinGW Runtime 3.20, 32-bit, Debug
Started:	Mar 31 2020 18:20:46

Run file:	d:\ItSchoolRep\ITSchool\HeroRetun\ImageArrayes\LoadImage.exe
Directory:	d:\ItSchoolRep\ITSchool\HeroRetun\ImageArrayes

--------------------------------------------------

--------------------------------------------------
TXLib соболезнует...

Программа: d:\ItSchoolRep\ITSchool\HeroRetun\ImageArrayes\LoadImage.exe,

ВНЕЗАПНО: signal (11, 0x00): SIGSEGV: Доступ по неверному указателю. Ставьте ассерты! 

Нарушение доступа к памяти.

#2: Исключение EXCEPTION_ACCESS_VIOLATION (0xC0000005) при выполнении кода по адресу 0x0041D424 в функции Save(). Попытка прочесть данные по адресу 0x2C2936F9. Спасибо _txVectoredExceptionHandler(), что сообщил. Люблю его <3

С помощью функции signal() вы можете сами обработать эту ошибку.

#2: TXLib [Ver: 00173a, Rev: 165, Date: 2020-03-26 21:07:17 +0400], Instance: 0x005502F4 (32-bit), Flags: CMdRe0, Thread: 0x32B4 (Main), GetLastError(): 131 (Попытка поместить указатель на файл перед началом файла), _doserrno: 131 (Unknown error). 

--------------------------------------------------
Стек вызовов:

# 0 0x0040B370 in d:\ItSchoolRep\ITSchool\HeroRetun\ImageArrayes\LoadImage.exe: (anonymous namespace)::TX::_txOnSignal()
# 1 0x004010F9 in d:\ItSchoolRep\ITSchool\HeroRetun\ImageArrayes\LoadImage.exe: _gnu_exception_handler@4()
# 2 0x778E50D7 in C:\Windows\SysWOW64\ntdll.dll: RtlKnownExceptionFilter()
# 3 0x778A97E5 in C:\Windows\SysWOW64\ntdll.dll: RtlInitializeExceptionChain()

--------------------------------------------------
Developed with:

The Dumb Artist Library (TX Library)
TXLib [Ver: 00173a, Rev: 165, Date: 2020-03-26 21:07:17 +0400]
Copyright (C) Ded (Ilya Dedinsky, http://txlib.ru) <mail@txlib.ru>
See license on: http://txlib.ru

TXLib file:	Resources\\TXLib.h
Compiled:	Mar 31 2020 18:20:38, GNU g++ 4.8.1, std=201103L, MinGW Runtime 3.20, 32-bit, Debug
Started:	Mar 31 2020 18:20:46

Run file:	d:\ItSchoolRep\ITSchool\HeroRetun\ImageArrayes\LoadImage.exe
Directory:	d:\ItSchoolRep\ITSchool\HeroRetun\ImageArrayes

--------------------------------------------------

--------------------------------------------------
TXLib предупреждает:

Программа: d:\ItSchoolRep\ITSchool\HeroRetun\ImageArrayes\LoadImage.exe,

ВНЕЗАПНО: Ю-ху! Переполнение стека!

#1: Исключение EXCEPTION_STACK_OVERFLOW (0xC00000FD) при выполнении кода по адресу 0x00429064 в функции __mingw_TLScallback(). Спасибо _txVectoredExceptionHandler(), что сообщил. Люблю его <3

#1: TXLib [Ver: 00173a, Rev: 165, Date: 2020-03-26 21:07:17 +0400], Instance: 0x005502F4 (32-bit), Flags: CMdRe0, Thread: 0x25F4 (Main). 

--------------------------------------------------
Стек вызовов:

# 0 0x00429064 in d:\ItSchoolRep\ITSchool\HeroRetun\ImageArrayes\LoadImage.exe: __mingw_TLScallback()
# 1 0x0041D28A in d:\ItSchoolRep\ITSchool\HeroRetun\ImageArrayes\LoadImage.exe: main()

--------------------------------------------------
Developed with:

The Dumb Artist Library (TX Library)
TXLib [Ver: 00173a, Rev: 165, Date: 2020-03-26 21:07:17 +0400]
Copyright (C) Ded (Ilya Dedinsky, http://txlib.ru) <mail@txlib.ru>
See license on: http://txlib.ru

TXLib file:	Resources\\TXLib.h
Compiled:	Mar 31 2020 18:21:24, GNU g++ 4.8.1, std=201103L, MinGW Runtime 3.20, 32-bit, Debug
Started:	Mar 31 2020 18:21:32

Run file:	d:\ItSchoolRep\ITSchool\HeroRetun\ImageArrayes\LoadImage.exe
Directory:	d:\ItSchoolRep\ITSchool\HeroRetun\ImageArrayes

--------------------------------------------------

--------------------------------------------------
TXLib соболезнует...

Программа: d:\ItSchoolRep\ITSchool\HeroRetun\ImageArrayes\LoadImage.exe,

ВНЕЗАПНО: Ю-ху! Переполнение стека!

#1: Исключение EXCEPTION_STACK_OVERFLOW (0xC00000FD) при выполнении кода по адресу 0x00429064 в функции __mingw_TLScallback(). Спасибо _txVectoredExceptionHandler(), что сообщил. Люблю его <3

С помощью функции _set_se_translator() вы можете сами обработать эту ошибку.

#2: TXLib [Ver: 00173a, Rev: 165, Date: 2020-03-26 21:07:17 +0400], Instance: 0x005502F4 (32-bit), Flags: CMdRe0, Thread: 0x25F4 (Main). 

--------------------------------------------------
Стек вызовов:

# 0 0x00429064 in d:\ItSchoolRep\ITSchool\HeroRetun\ImageArrayes\LoadImage.exe: __mingw_TLScallback()
# 1 0x0041D28A in d:\ItSchoolRep\ITSchool\HeroRetun\ImageArrayes\LoadImage.exe: main()

--------------------------------------------------
Developed with:

The Dumb Artist Library (TX Library)
TXLib [Ver: 00173a, Rev: 165, Date: 2020-03-26 21:07:17 +0400]
Copyright (C) Ded (Ilya Dedinsky, http://txlib.ru) <mail@txlib.ru>
See license on: http://txlib.ru

TXLib file:	Resources\\TXLib.h
Compiled:	Mar 31 2020 18:21:24, GNU g++ 4.8.1, std=201103L, MinGW Runtime 3.20, 32-bit, Debug
Started:	Mar 31 2020 18:21:32

Run file:	d:\ItSchoolRep\ITSchool\HeroRetun\ImageArrayes\LoadImage.exe
Directory:	d:\ItSchoolRep\ITSchool\HeroRetun\ImageArrayes

--------------------------------------------------

--------------------------------------------------
TXLib предупреждает:

Программа: d:\ItSchoolRep\ITSchool\HeroRetun\ImageArrayes\LoadImage.exe,

ВНЕЗАПНО: Ю-ху! Переполнение стека!

#2: Исключение EXCEPTION_STACK_OVERFLOW (0xC00000FD) при выполнении кода по адресу 0x0042BE42 в функции __emutls_get_address() в файле c:/temp/gcc/build/i686-pc-mingw32/libgcc/./gthr-default.h на строке 616. Спасибо _txVectoredExceptionHandler(), что сообщил. Люблю его <3

#1: TXLib [Ver: 00173a, Rev: 165, Date: 2020-03-26 21:07:17 +0400], Instance: 0x005502F4 (32-bit), Flags: CMdRe0, Thread: 0x12E0 (Main), GetLastError(): 131 (Попытка поместить указатель на файл перед началом файла), errno: 2 (No such file or directory), _doserrno: 3 (No such process). 

--------------------------------------------------
Стек вызовов:

# 0 0x0042BE42 in d:\ItSchoolRep\ITSchool\HeroRetun\ImageArrayes\LoadImage.exe: __emutls_get_address() at c:/temp/gcc/build/i686-pc-mingw32/libgcc/../../../src/libgcc/emutls.c (155)
# 1 0x0040B6F1 in d:\ItSchoolRep\ITSchool\HeroRetun\ImageArrayes\LoadImage.exe: (anonymous namespace)::TX::_txVectoredExceptionHandler()
# 2 0x778E3EBE in C:\Windows\SysWOW64\ntdll.dll: RtlGetProcessHeaps()
# 3 0x778D369A in C:\Windows\SysWOW64\ntdll.dll: RtlCaptureContext()
# 4 0x778D335A in C:\Windows\SysWOW64\ntdll.dll: RtlDestroyEnvironment()
# 5 0x77880133 in C:\Windows\SysWOW64\ntdll.dll: KiUserExceptionDispatcher()
# 6 0x75B236B2 in C:\Windows\syswow64\KERNELBASE.dll: OutputDebugStringA()
# 7 0x0040BB07 in d:\ItSchoolRep\ITSchool\HeroRetun\ImageArrayes\LoadImage.exe: (anonymous namespace)::TX::_txOnExceptionSEH()
# 8 0x0040B712 in d:\ItSchoolRep\ITSchool\HeroRetun\ImageArrayes\LoadImage.exe: (anonymous namespace)::TX::_txVectoredExceptionHandler()
# 9 0x778E3EBE in C:\Windows\SysWOW64\ntdll.dll: RtlGetProcessHeaps()
#10 0x778D369A in C:\Windows\SysWOW64\ntdll.dll: RtlCaptureContext()
#11 0x778D335A in C:\Windows\SysWOW64\ntdll.dll: RtlDestroyEnvironment()
#12 0x77880133 in C:\Windows\SysWOW64\ntdll.dll: KiUserExceptionDispatcher()
#13 0x0041D28A in d:\ItSchoolRep\ITSchool\HeroRetun\ImageArrayes\LoadImage.exe: main()

--------------------------------------------------
Developed with:

The Dumb Artist Library (TX Library)
TXLib [Ver: 00173a, Rev: 165, Date: 2020-03-26 21:07:17 +0400]
Copyright (C) Ded (Ilya Dedinsky, http://txlib.ru) <mail@txlib.ru>
See license on: http://txlib.ru

TXLib file:	Resources\\TXLib.h
Compiled:	Mar 31 2020 18:21:42, GNU g++ 4.8.1, std=201103L, MinGW Runtime 3.20, 32-bit, Debug
Started:	Mar 31 2020 18:21:50

Run file:	d:\ItSchoolRep\ITSchool\HeroRetun\ImageArrayes\LoadImage.exe
Directory:	d:\ItSchoolRep\ITSchool\HeroRetun\ImageArrayes

--------------------------------------------------

--------------------------------------------------
TXLib соболезнует...

Программа: d:\ItSchoolRep\ITSchool\HeroRetun\ImageArrayes\LoadImage.exe,

ВНЕЗАПНО: Ю-ху! Переполнение стека!

#2: Исключение EXCEPTION_STACK_OVERFLOW (0xC00000FD) при выполнении кода по адресу 0x0042BE42 в функции __emutls_get_address() в файле c:/temp/gcc/build/i686-pc-mingw32/libgcc/./gthr-default.h на строке 616. Спасибо _txVectoredExceptionHandler(), что сообщил. Люблю его <3

С помощью функции _set_se_translator() вы можете сами обработать эту ошибку.

#2: TXLib [Ver: 00173a, Rev: 165, Date: 2020-03-26 21:07:17 +0400], Instance: 0x005502F4 (32-bit), Flags: CMdRe0, Thread: 0x12E0 (Main), GetLastError(): 131 (Попытка поместить указатель на файл перед началом файла), errno: 2 (No such file or directory), _doserrno: 3 (No such process). 

--------------------------------------------------
Стек вызовов:

# 0 0x0042BE42 in d:\ItSchoolRep\ITSchool\HeroRetun\ImageArrayes\LoadImage.exe: __emutls_get_address() at c:/temp/gcc/build/i686-pc-mingw32/libgcc/../../../src/libgcc/emutls.c (155)
# 1 0x0040B6F1 in d:\ItSchoolRep\ITSchool\HeroRetun\ImageArrayes\LoadImage.exe: (anonymous namespace)::TX::_txVectoredExceptionHandler()
# 2 0x778E3EBE in C:\Windows\SysWOW64\ntdll.dll: RtlGetProcessHeaps()
# 3 0x778D369A in C:\Windows\SysWOW64\ntdll.dll: RtlCaptureContext()
# 4 0x778D335A in C:\Windows\SysWOW64\ntdll.dll: RtlDestroyEnvironment()
# 5 0x77880133 in C:\Windows\SysWOW64\ntdll.dll: KiUserExceptionDispatcher()
# 6 0x75B236B2 in C:\Windows\syswow64\KERNELBASE.dll: OutputDebugStringA()
# 7 0x0040BB07 in d:\ItSchoolRep\ITSchool\HeroRetun\ImageArrayes\LoadImage.exe: (anonymous namespace)::TX::_txOnExceptionSEH()
# 8 0x0040B712 in d:\ItSchoolRep\ITSchool\HeroRetun\ImageArrayes\LoadImage.exe: (anonymous namespace)::TX::_txVectoredExceptionHandler()
# 9 0x778E3EBE in C:\Windows\SysWOW64\ntdll.dll: RtlGetProcessHeaps()
#10 0x778D369A in C:\Windows\SysWOW64\ntdll.dll: RtlCaptureContext()
#11 0x778D335A in C:\Windows\SysWOW64\ntdll.dll: RtlDestroyEnvironment()
#12 0x77880133 in C:\Windows\SysWOW64\ntdll.dll: KiUserExceptionDispatcher()
#13 0x0041D28A in d:\ItSchoolRep\ITSchool\HeroRetun\ImageArrayes\LoadImage.exe: main()

--------------------------------------------------
Developed with:

The Dumb Artist Library (TX Library)
TXLib [Ver: 00173a, Rev: 165, Date: 2020-03-26 21:07:17 +0400]
Copyright (C) Ded (Ilya Dedinsky, http://txlib.ru) <mail@txlib.ru>
See license on: http://txlib.ru

TXLib file:	Resources\\TXLib.h
Compiled:	Mar 31 2020 18:21:42, GNU g++ 4.8.1, std=201103L, MinGW Runtime 3.20, 32-bit, Debug
Started:	Mar 31 2020 18:21:50

Run file:	d:\ItSchoolRep\ITSchool\HeroRetun\ImageArrayes\LoadImage.exe
Directory:	d:\ItSchoolRep\ITSchool\HeroRetun\ImageArrayes

--------------------------------------------------

--------------------------------------------------
TXLib предупреждает:

Программа: d:\ItSchoolRep\ITSchool\HeroRetun\ImageArrayes\LoadImage.exe,

ВНЕЗАПНО: Ю-ху! Переполнение стека!

#2: Исключение EXCEPTION_STACK_OVERFLOW (0xC00000FD) при выполнении кода по адресу 0x0042BE32 в функции __emutls_get_address() в файле c:/temp/gcc/build/i686-pc-mingw32/libgcc/./gthr-default.h на строке 616. Спасибо _txVectoredExceptionHandler(), что сообщил. Люблю его <3

#1: TXLib [Ver: 00173a, Rev: 165, Date: 2020-03-26 21:07:17 +0400], Instance: 0x005502F4 (32-bit), Flags: CMdRe0, Thread: 0x2918 (Main), GetLastError(): 131 (Попытка поместить указатель на файл перед началом файла), errno: 2 (No such file or directory), _doserrno: 3 (No such process). 

--------------------------------------------------
Стек вызовов:

# 0 0x0042BE32 in d:\ItSchoolRep\ITSchool\HeroRetun\ImageArrayes\LoadImage.exe: __emutls_get_address() at c:/temp/gcc/build/i686-pc-mingw32/libgcc/../../../src/libgcc/emutls.c (155)
# 1 0x0040B6F1 in d:\ItSchoolRep\ITSchool\HeroRetun\ImageArrayes\LoadImage.exe: (anonymous namespace)::TX::_txVectoredExceptionHandler()
# 2 0x778E3EBE in C:\Windows\SysWOW64\ntdll.dll: RtlGetProcessHeaps()
# 3 0x778D369A in C:\Windows\SysWOW64\ntdll.dll: RtlCaptureContext()
# 4 0x778D335A in C:\Windows\SysWOW64\ntdll.dll: RtlDestroyEnvironment()
# 5 0x77880133 in C:\Windows\SysWOW64\ntdll.dll: KiUserExceptionDispatcher()
# 6 0x75B236B2 in C:\Windows\syswow64\KERNELBASE.dll: OutputDebugStringA()
# 7 0x0040BB07 in d:\ItSchoolRep\ITSchool\HeroRetun\ImageArrayes\LoadImage.exe: (anonymous namespace)::TX::_txOnExceptionSEH()
# 8 0x0040B712 in d:\ItSchoolRep\ITSchool\HeroRetun\ImageArrayes\LoadImage.exe: (anonymous namespace)::TX::_txVectoredExceptionHandler()
# 9 0x778E3EBE in C:\Windows\SysWOW64\ntdll.dll: RtlGetProcessHeaps()
#10 0x778D369A in C:\Windows\SysWOW64\ntdll.dll: RtlCaptureContext()
#11 0x778D335A in C:\Windows\SysWOW64\ntdll.dll: RtlDestroyEnvironment()
#12 0x77880133 in C:\Windows\SysWOW64\ntdll.dll: KiUserExceptionDispatcher()
#13 0x0041D27C in d:\ItSchoolRep\ITSchool\HeroRetun\ImageArrayes\LoadImage.exe: main()

--------------------------------------------------
Developed with:

The Dumb Artist Library (TX Library)
TXLib [Ver: 00173a, Rev: 165, Date: 2020-03-26 21:07:17 +0400]
Copyright (C) Ded (Ilya Dedinsky, http://txlib.ru) <mail@txlib.ru>
See license on: http://txlib.ru

TXLib file:	Resources\\TXLib.h
Compiled:	Mar 31 2020 18:52:06, GNU g++ 4.8.1, std=201103L, MinGW Runtime 3.20, 32-bit, Debug
Started:	Mar 31 2020 18:52:14

Run file:	d:\ItSchoolRep\ITSchool\HeroRetun\ImageArrayes\LoadImage.exe
Directory:	d:\ItSchoolRep\ITSchool\HeroRetun\ImageArrayes

--------------------------------------------------

--------------------------------------------------
TXLib соболезнует...

Программа: d:\ItSchoolRep\ITSchool\HeroRetun\ImageArrayes\LoadImage.exe,

ВНЕЗАПНО: Ю-ху! Переполнение стека!

#2: Исключение EXCEPTION_STACK_OVERFLOW (0xC00000FD) при выполнении кода по адресу 0x0042BE32 в функции __emutls_get_address() в файле c:/temp/gcc/build/i686-pc-mingw32/libgcc/./gthr-default.h на строке 616. Спасибо _txVectoredExceptionHandler(), что сообщил. Люблю его <3

С помощью функции _set_se_translator() вы можете сами обработать эту ошибку.

#2: TXLib [Ver: 00173a, Rev: 165, Date: 2020-03-26 21:07:17 +0400], Instance: 0x005502F4 (32-bit), Flags: CMdRe0, Thread: 0x2918 (Main), GetLastError(): 131 (Попытка поместить указатель на файл перед началом файла), errno: 2 (No such file or directory), _doserrno: 3 (No such process). 

--------------------------------------------------
Стек вызовов:

# 0 0x0042BE32 in d:\ItSchoolRep\ITSchool\HeroRetun\ImageArrayes\LoadImage.exe: __emutls_get_address() at c:/temp/gcc/build/i686-pc-mingw32/libgcc/../../../src/libgcc/emutls.c (155)
# 1 0x0040B6F1 in d:\ItSchoolRep\ITSchool\HeroRetun\ImageArrayes\LoadImage.exe: (anonymous namespace)::TX::_txVectoredExceptionHandler()
# 2 0x778E3EBE in C:\Windows\SysWOW64\ntdll.dll: RtlGetProcessHeaps()
# 3 0x778D369A in C:\Windows\SysWOW64\ntdll.dll: RtlCaptureContext()
# 4 0x778D335A in C:\Windows\SysWOW64\ntdll.dll: RtlDestroyEnvironment()
# 5 0x77880133 in C:\Windows\SysWOW64\ntdll.dll: KiUserExceptionDispatcher()
# 6 0x75B236B2 in C:\Windows\syswow64\KERNELBASE.dll: OutputDebugStringA()
# 7 0x0040BB07 in d:\ItSchoolRep\ITSchool\HeroRetun\ImageArrayes\LoadImage.exe: (anonymous namespace)::TX::_txOnExceptionSEH()
# 8 0x0040B712 in d:\ItSchoolRep\ITSchool\HeroRetun\ImageArrayes\LoadImage.exe: (anonymous namespace)::TX::_txVectoredExceptionHandler()
# 9 0x778E3EBE in C:\Windows\SysWOW64\ntdll.dll: RtlGetProcessHeaps()
#10 0x778D369A in C:\Windows\SysWOW64\ntdll.dll: RtlCaptureContext()
#11 0x778D335A in C:\Windows\SysWOW64\ntdll.dll: RtlDestroyEnvironment()
#12 0x77880133 in C:\Windows\SysWOW64\ntdll.dll: KiUserExceptionDispatcher()
#13 0x0041D27C in d:\ItSchoolRep\ITSchool\HeroRetun\ImageArrayes\LoadImage.exe: main()

--------------------------------------------------
Developed with:

The Dumb Artist Library (TX Library)
TXLib [Ver: 00173a, Rev: 165, Date: 2020-03-26 21:07:17 +0400]
Copyright (C) Ded (Ilya Dedinsky, http://txlib.ru) <mail@txlib.ru>
See license on: http://txlib.ru

TXLib file:	Resources\\TXLib.h
Compiled:	Mar 31 2020 18:52:06, GNU g++ 4.8.1, std=201103L, MinGW Runtime 3.20, 32-bit, Debug
Started:	Mar 31 2020 18:52:14

Run file:	d:\ItSchoolRep\ITSchool\HeroRetun\ImageArrayes\LoadImage.exe
Directory:	d:\ItSchoolRep\ITSchool\HeroRetun\ImageArrayes

--------------------------------------------------

--------------------------------------------------
TXLib предупреждает:

Программа: d:\ItSchoolRep\ITSchool\HeroRetun\ImageArrayes\LoadImage.exe,

ВНЕЗАПНО: Ю-ху! Переполнение стека!

#2: Исключение EXCEPTION_STACK_OVERFLOW (0xC00000FD) при выполнении кода по адресу 0x0042BE42 в функции __emutls_get_address() в файле c:/temp/gcc/build/i686-pc-mingw32/libgcc/./gthr-default.h на строке 616. Спасибо _txVectoredExceptionHandler(), что сообщил. Люблю его <3

#1: TXLib [Ver: 00173a, Rev: 165, Date: 2020-03-26 21:07:17 +0400], Instance: 0x005502F4 (32-bit), Flags: CMdRe0, Thread: 0x2D70 (Main), GetLastError(): 131 (Попытка поместить указатель на файл перед началом файла), errno: 2 (No such file or directory), _doserrno: 3 (No such process). 

--------------------------------------------------
Стек вызовов:

# 0 0x0042BE42 in d:\ItSchoolRep\ITSchool\HeroRetun\ImageArrayes\LoadImage.exe: __emutls_get_address() at c:/temp/gcc/build/i686-pc-mingw32/libgcc/../../../src/libgcc/emutls.c (155)
# 1 0x0040B6F1 in d:\ItSchoolRep\ITSchool\HeroRetun\ImageArrayes\LoadImage.exe: (anonymous namespace)::TX::_txVectoredExceptionHandler()
# 2 0x778E3EBE in C:\Windows\SysWOW64\ntdll.dll: RtlGetProcessHeaps()
# 3 0x778D369A in C:\Windows\SysWOW64\ntdll.dll: RtlCaptureContext()
# 4 0x778D335A in C:\Windows\SysWOW64\ntdll.dll: RtlDestroyEnvironment()
# 5 0x77880133 in C:\Windows\SysWOW64\ntdll.dll: KiUserExceptionDispatcher()
# 6 0x75B236B2 in C:\Windows\syswow64\KERNELBASE.dll: OutputDebugStringA()
# 7 0x0040BB07 in d:\ItSchoolRep\ITSchool\HeroRetun\ImageArrayes\LoadImage.exe: (anonymous namespace)::TX::_txOnExceptionSEH()
# 8 0x0040B712 in d:\ItSchoolRep\ITSchool\HeroRetun\ImageArrayes\LoadImage.exe: (anonymous namespace)::TX::_txVectoredExceptionHandler()
# 9 0x778E3EBE in C:\Windows\SysWOW64\ntdll.dll: RtlGetProcessHeaps()
#10 0x778D369A in C:\Windows\SysWOW64\ntdll.dll: RtlCaptureContext()
#11 0x778D335A in C:\Windows\SysWOW64\ntdll.dll: RtlDestroyEnvironment()
#12 0x77880133 in C:\Windows\SysWOW64\ntdll.dll: KiUserExceptionDispatcher()
#13 0x0041D28D in d:\ItSchoolRep\ITSchool\HeroRetun\ImageArrayes\LoadImage.exe: main()

--------------------------------------------------
Developed with:

The Dumb Artist Library (TX Library)
TXLib [Ver: 00173a, Rev: 165, Date: 2020-03-26 21:07:17 +0400]
Copyright (C) Ded (Ilya Dedinsky, http://txlib.ru) <mail@txlib.ru>
See license on: http://txlib.ru

TXLib file:	Resources\\TXLib.h
Compiled:	Mar 31 2020 19:19:20, GNU g++ 4.8.1, std=201103L, MinGW Runtime 3.20, 32-bit, Debug
Started:	Mar 31 2020 19:19:29

Run file:	d:\ItSchoolRep\ITSchool\HeroRetun\ImageArrayes\LoadImage.exe
Directory:	d:\ItSchoolRep\ITSchool\HeroRetun\ImageArrayes

--------------------------------------------------

--------------------------------------------------
TXLib соболезнует...

Программа: d:\ItSchoolRep\ITSchool\HeroRetun\ImageArrayes\LoadImage.exe,

ВНЕЗАПНО: Ю-ху! Переполнение стека!

#2: Исключение EXCEPTION_STACK_OVERFLOW (0xC00000FD) при выполнении кода по адресу 0x0042BE42 в функции __emutls_get_address() в файле c:/temp/gcc/build/i686-pc-mingw32/libgcc/./gthr-default.h на строке 616. Спасибо _txVectoredExceptionHandler(), что сообщил. Люблю его <3

С помощью функции _set_se_translator() вы можете сами обработать эту ошибку.

#2: TXLib [Ver: 00173a, Rev: 165, Date: 2020-03-26 21:07:17 +0400], Instance: 0x005502F4 (32-bit), Flags: CMdRe0, Thread: 0x2D70 (Main), GetLastError(): 131 (Попытка поместить указатель на файл перед началом файла), errno: 2 (No such file or directory), _doserrno: 3 (No such process). 

--------------------------------------------------
Стек вызовов:

# 0 0x0042BE42 in d:\ItSchoolRep\ITSchool\HeroRetun\ImageArrayes\LoadImage.exe: __emutls_get_address() at c:/temp/gcc/build/i686-pc-mingw32/libgcc/../../../src/libgcc/emutls.c (155)
# 1 0x0040B6F1 in d:\ItSchoolRep\ITSchool\HeroRetun\ImageArrayes\LoadImage.exe: (anonymous namespace)::TX::_txVectoredExceptionHandler()
# 2 0x778E3EBE in C:\Windows\SysWOW64\ntdll.dll: RtlGetProcessHeaps()
# 3 0x778D369A in C:\Windows\SysWOW64\ntdll.dll: RtlCaptureContext()
# 4 0x778D335A in C:\Windows\SysWOW64\ntdll.dll: RtlDestroyEnvironment()
# 5 0x77880133 in C:\Windows\SysWOW64\ntdll.dll: KiUserExceptionDispatcher()
# 6 0x75B236B2 in C:\Windows\syswow64\KERNELBASE.dll: OutputDebugStringA()
# 7 0x0040BB07 in d:\ItSchoolRep\ITSchool\HeroRetun\ImageArrayes\LoadImage.exe: (anonymous namespace)::TX::_txOnExceptionSEH()
# 8 0x0040B712 in d:\ItSchoolRep\ITSchool\HeroRetun\ImageArrayes\LoadImage.exe: (anonymous namespace)::TX::_txVectoredExceptionHandler()
# 9 0x778E3EBE in C:\Windows\SysWOW64\ntdll.dll: RtlGetProcessHeaps()
#10 0x778D369A in C:\Windows\SysWOW64\ntdll.dll: RtlCaptureContext()
#11 0x778D335A in C:\Windows\SysWOW64\ntdll.dll: RtlDestroyEnvironment()
#12 0x77880133 in C:\Windows\SysWOW64\ntdll.dll: KiUserExceptionDispatcher()
#13 0x0041D28D in d:\ItSchoolRep\ITSchool\HeroRetun\ImageArrayes\LoadImage.exe: main()

--------------------------------------------------
Developed with:

The Dumb Artist Library (TX Library)
TXLib [Ver: 00173a, Rev: 165, Date: 2020-03-26 21:07:17 +0400]
Copyright (C) Ded (Ilya Dedinsky, http://txlib.ru) <mail@txlib.ru>
See license on: http://txlib.ru

TXLib file:	Resources\\TXLib.h
Compiled:	Mar 31 2020 19:19:20, GNU g++ 4.8.1, std=201103L, MinGW Runtime 3.20, 32-bit, Debug
Started:	Mar 31 2020 19:19:29

Run file:	d:\ItSchoolRep\ITSchool\HeroRetun\ImageArrayes\LoadImage.exe
Directory:	d:\ItSchoolRep\ITSchool\HeroRetun\ImageArrayes

--------------------------------------------------

--------------------------------------------------
TXLib предупреждает:

Программа: d:\ItSchoolRep\ITSchool\HeroRetun\ImageArrayes\LoadImage.exe,

ВНЕЗАПНО: Ю-ху! Переполнение стека!

#2: Исключение EXCEPTION_STACK_OVERFLOW (0xC00000FD) при выполнении кода по адресу 0x0042BE42 в функции __emutls_get_address() в файле c:/temp/gcc/build/i686-pc-mingw32/libgcc/./gthr-default.h на строке 616. Спасибо _txVectoredExceptionHandler(), что сообщил. Люблю его <3

#1: TXLib [Ver: 00173a, Rev: 165, Date: 2020-03-26 21:07:17 +0400], Instance: 0x005502F4 (32-bit), Flags: CMdRe0, Thread: 0x3200 (Main), GetLastError(): 131 (Попытка поместить указатель на файл перед началом файла), errno: 2 (No such file or directory), _doserrno: 3 (No such process). 

--------------------------------------------------
Стек вызовов:

# 0 0x0042BE42 in d:\ItSchoolRep\ITSchool\HeroRetun\ImageArrayes\LoadImage.exe: __emutls_get_address() at c:/temp/gcc/build/i686-pc-mingw32/libgcc/../../../src/libgcc/emutls.c (155)
# 1 0x0040B6F1 in d:\ItSchoolRep\ITSchool\HeroRetun\ImageArrayes\LoadImage.exe: (anonymous namespace)::TX::_txVectoredExceptionHandler()
# 2 0x778E3EBE in C:\Windows\SysWOW64\ntdll.dll: RtlGetProcessHeaps()
# 3 0x778D369A in C:\Windows\SysWOW64\ntdll.dll: RtlCaptureContext()
# 4 0x778D335A in C:\Windows\SysWOW64\ntdll.dll: RtlDestroyEnvironment()
# 5 0x77880133 in C:\Windows\SysWOW64\ntdll.dll: KiUserExceptionDispatcher()
# 6 0x75B236B2 in C:\Windows\syswow64\KERNELBASE.dll: OutputDebugStringA()
# 7 0x0040BB07 in d:\ItSchoolRep\ITSchool\HeroRetun\ImageArrayes\LoadImage.exe: (anonymous namespace)::TX::_txOnExceptionSEH()
# 8 0x0040B712 in d:\ItSchoolRep\ITSchool\HeroRetun\ImageArrayes\LoadImage.exe: (anonymous namespace)::TX::_txVectoredExceptionHandler()
# 9 0x778E3EBE in C:\Windows\SysWOW64\ntdll.dll: RtlGetProcessHeaps()
#10 0x778D369A in C:\Windows\SysWOW64\ntdll.dll: RtlCaptureContext()
#11 0x778D335A in C:\Windows\SysWOW64\ntdll.dll: RtlDestroyEnvironment()
#12 0x77880133 in C:\Windows\SysWOW64\ntdll.dll: KiUserExceptionDispatcher()
#13 0x0041D28E in d:\ItSchoolRep\ITSchool\HeroRetun\ImageArrayes\LoadImage.exe: main()

--------------------------------------------------
Developed with:

The Dumb Artist Library (TX Library)
TXLib [Ver: 00173a, Rev: 165, Date: 2020-03-26 21:07:17 +0400]
Copyright (C) Ded (Ilya Dedinsky, http://txlib.ru) <mail@txlib.ru>
See license on: http://txlib.ru

TXLib file:	Resources\\TXLib.h
Compiled:	Mar 31 2020 19:32:32, GNU g++ 4.8.1, std=201103L, MinGW Runtime 3.20, 32-bit, Debug
Started:	Mar 31 2020 19:32:40

Run file:	d:\ItSchoolRep\ITSchool\HeroRetun\ImageArrayes\LoadImage.exe
Directory:	d:\ItSchoolRep\ITSchool\HeroRetun\ImageArrayes

--------------------------------------------------

--------------------------------------------------
TXLib соболезнует...

Программа: d:\ItSchoolRep\ITSchool\HeroRetun\ImageArrayes\LoadImage.exe,

ВНЕЗАПНО: Ю-ху! Переполнение стека!

#2: Исключение EXCEPTION_STACK_OVERFLOW (0xC00000FD) при выполнении кода по адресу 0x0042BE42 в функции __emutls_get_address() в файле c:/temp/gcc/build/i686-pc-mingw32/libgcc/./gthr-default.h на строке 616. Спасибо _txVectoredExceptionHandler(), что сообщил. Люблю его <3

С помощью функции _set_se_translator() вы можете сами обработать эту ошибку.

#2: TXLib [Ver: 00173a, Rev: 165, Date: 2020-03-26 21:07:17 +0400], Instance: 0x005502F4 (32-bit), Flags: CMdRe0, Thread: 0x3200 (Main), GetLastError(): 131 (Попытка поместить указатель на файл перед началом файла), errno: 2 (No such file or directory), _doserrno: 3 (No such process). 

--------------------------------------------------
Стек вызовов:

# 0 0x0042BE42 in d:\ItSchoolRep\ITSchool\HeroRetun\ImageArrayes\LoadImage.exe: __emutls_get_address() at c:/temp/gcc/build/i686-pc-mingw32/libgcc/../../../src/libgcc/emutls.c (155)
# 1 0x0040B6F1 in d:\ItSchoolRep\ITSchool\HeroRetun\ImageArrayes\LoadImage.exe: (anonymous namespace)::TX::_txVectoredExceptionHandler()
# 2 0x778E3EBE in C:\Windows\SysWOW64\ntdll.dll: RtlGetProcessHeaps()
# 3 0x778D369A in C:\Windows\SysWOW64\ntdll.dll: RtlCaptureContext()
# 4 0x778D335A in C:\Windows\SysWOW64\ntdll.dll: RtlDestroyEnvironment()
# 5 0x77880133 in C:\Windows\SysWOW64\ntdll.dll: KiUserExceptionDispatcher()
# 6 0x75B236B2 in C:\Windows\syswow64\KERNELBASE.dll: OutputDebugStringA()
# 7 0x0040BB07 in d:\ItSchoolRep\ITSchool\HeroRetun\ImageArrayes\LoadImage.exe: (anonymous namespace)::TX::_txOnExceptionSEH()
# 8 0x0040B712 in d:\ItSchoolRep\ITSchool\HeroRetun\ImageArrayes\LoadImage.exe: (anonymous namespace)::TX::_txVectoredExceptionHandler()
# 9 0x778E3EBE in C:\Windows\SysWOW64\ntdll.dll: RtlGetProcessHeaps()
#10 0x778D369A in C:\Windows\SysWOW64\ntdll.dll: RtlCaptureContext()
#11 0x778D335A in C:\Windows\SysWOW64\ntdll.dll: RtlDestroyEnvironment()
#12 0x77880133 in C:\Windows\SysWOW64\ntdll.dll: KiUserExceptionDispatcher()
#13 0x0041D28E in d:\ItSchoolRep\ITSchool\HeroRetun\ImageArrayes\LoadImage.exe: main()

--------------------------------------------------
Developed with:

The Dumb Artist Library (TX Library)
TXLib [Ver: 00173a, Rev: 165, Date: 2020-03-26 21:07:17 +0400]
Copyright (C) Ded (Ilya Dedinsky, http://txlib.ru) <mail@txlib.ru>
See license on: http://txlib.ru

TXLib file:	Resources\\TXLib.h
Compiled:	Mar 31 2020 19:32:32, GNU g++ 4.8.1, std=201103L, MinGW Runtime 3.20, 32-bit, Debug
Started:	Mar 31 2020 19:32:40

Run file:	d:\ItSchoolRep\ITSchool\HeroRetun\ImageArrayes\LoadImage.exe
Directory:	d:\ItSchoolRep\ITSchool\HeroRetun\ImageArrayes

--------------------------------------------------
