
--------------------------------------------------
TXLib соболезнует...

Программа: d:\ItSchoolRep\ITSchool\HeroReturn2.0\HeroReturn.exe, файл: Resources\\Libs\\TXLib.h, строка: 12132, функция: COLORREF {anonymous}::TX::txGetPixel(double, double, HDC),

Сообщение: Окно рисования не создано или не в порядке.

#1: TXLib [Ver: 00173a, Rev: 165, Date: 2020-03-26 21:07:17 +0400], Instance: 0x005062F4 (32-bit), Flags: CMdrE0, Thread: 0x2DA8 (Main), GetLastError(): 13 (Недопустимые данные). 

--------------------------------------------------
Стек вызовов:

# 0 0x00413081 in d:\ItSchoolRep\ITSchool\HeroReturn2.0\HeroReturn.exe: (anonymous namespace)::TX::txGetPixel()
# 1 0x0041D33E in d:\ItSchoolRep\ITSchool\HeroReturn2.0\HeroReturn.exe: loadImage()
# 2 0x0041FA70 in d:\ItSchoolRep\ITSchool\HeroReturn2.0\HeroReturn.exe: main()

--------------------------------------------------
Developed with:

The Dumb Artist Library (TX Library)
TXLib [Ver: 00173a, Rev: 165, Date: 2020-03-26 21:07:17 +0400]
Copyright (C) Ded (Ilya Dedinsky, http://txlib.ru) <mail@txlib.ru>
See license on: http://txlib.ru

TXLib file:	Resources\\Libs\\TXLib.h
Compiled:	Mar 31 2020 04:30:15, GNU g++ 4.8.1, std=201103L, MinGW Runtime 3.20, 32-bit, Debug
Started:	Mar 31 2020 04:30:23

Run file:	d:\ItSchoolRep\ITSchool\HeroReturn2.0\HeroReturn.exe
Directory:	d:\ItSchoolRep\ITSchool\HeroReturn2.0

--------------------------------------------------

--------------------------------------------------
TXLib предупреждает:

Программа: d:\ItSchoolRep\ITSchool\HeroReturn2.0\HeroReturn.exe,

ВНЕЗАПНО: Нарушение доступа к памяти.

#1: Исключение EXCEPTION_ACCESS_VIOLATION (0xC0000005) при выполнении кода по адресу 0x0041D4D7 в функции drawingBackground(). Попытка прочесть данные по адресу 0xC33E3293. Спасибо _txVectoredExceptionHandler(), что сообщил. Люблю его <3

#1: TXLib [Ver: 00173a, Rev: 165, Date: 2020-03-26 21:07:17 +0400], Instance: 0x005062F4 (32-bit), Flags: CMdRe0, Thread: 0x2EA4 (Main). 

--------------------------------------------------
Стек вызовов:

# 0 0x0041D4D7 in d:\ItSchoolRep\ITSchool\HeroReturn2.0\HeroReturn.exe: drawingBackground()
# 1 0x0041D60B in d:\ItSchoolRep\ITSchool\HeroReturn2.0\HeroReturn.exe: painting()
# 2 0x0041DBCA in d:\ItSchoolRep\ITSchool\HeroReturn2.0\HeroReturn.exe: keyboardControls()
# 3 0x00422920 in d:\ItSchoolRep\ITSchool\HeroReturn2.0\HeroReturn.exe: main()

--------------------------------------------------
Developed with:

The Dumb Artist Library (TX Library)
TXLib [Ver: 00173a, Rev: 165, Date: 2020-03-26 21:07:17 +0400]
Copyright (C) Ded (Ilya Dedinsky, http://txlib.ru) <mail@txlib.ru>
See license on: http://txlib.ru

TXLib file:	Resources\\Libs\\TXLib.h
Compiled:	Mar 31 2020 04:34:57, GNU g++ 4.8.1, std=201103L, MinGW Runtime 3.20, 32-bit, Debug
Started:	Mar 31 2020 04:35:05

Run file:	d:\ItSchoolRep\ITSchool\HeroReturn2.0\HeroReturn.exe
Directory:	d:\ItSchoolRep\ITSchool\HeroReturn2.0

--------------------------------------------------

--------------------------------------------------
TXLib соболезнует...

Программа: d:\ItSchoolRep\ITSchool\HeroReturn2.0\HeroReturn.exe,

ВНЕЗАПНО: signal (11, 0x00): SIGSEGV: Доступ по неверному указателю. Ставьте ассерты! 

Нарушение доступа к памяти.

#1: Исключение EXCEPTION_ACCESS_VIOLATION (0xC0000005) при выполнении кода по адресу 0x0041D4D7 в функции drawingBackground(). Попытка прочесть данные по адресу 0xC33E3293. Спасибо _txVectoredExceptionHandler(), что сообщил. Люблю его <3

С помощью функции signal() вы можете сами обработать эту ошибку.

#2: TXLib [Ver: 00173a, Rev: 165, Date: 2020-03-26 21:07:17 +0400], Instance: 0x005062F4 (32-bit), Flags: CMdRe0, Thread: 0x2EA4 (Main). 

--------------------------------------------------
Стек вызовов:

# 0 0x0041D4D7 in d:\ItSchoolRep\ITSchool\HeroReturn2.0\HeroReturn.exe: drawingBackground()
# 1 0x0041D60B in d:\ItSchoolRep\ITSchool\HeroReturn2.0\HeroReturn.exe: painting()
# 2 0x0041DBCA in d:\ItSchoolRep\ITSchool\HeroReturn2.0\HeroReturn.exe: keyboardControls()
# 3 0x00422920 in d:\ItSchoolRep\ITSchool\HeroReturn2.0\HeroReturn.exe: main()

--------------------------------------------------
Developed with:

The Dumb Artist Library (TX Library)
TXLib [Ver: 00173a, Rev: 165, Date: 2020-03-26 21:07:17 +0400]
Copyright (C) Ded (Ilya Dedinsky, http://txlib.ru) <mail@txlib.ru>
See license on: http://txlib.ru

TXLib file:	Resources\\Libs\\TXLib.h
Compiled:	Mar 31 2020 04:34:57, GNU g++ 4.8.1, std=201103L, MinGW Runtime 3.20, 32-bit, Debug
Started:	Mar 31 2020 04:35:05

Run file:	d:\ItSchoolRep\ITSchool\HeroReturn2.0\HeroReturn.exe
Directory:	d:\ItSchoolRep\ITSchool\HeroReturn2.0

--------------------------------------------------

--------------------------------------------------
TXLib соболезнует...

Программа: d:\ItSchoolRep\ITSchool\HeroReturn2.0\HeroReturn.exe, файл: Resources\\Libs\\TXLib.h, строка: 12110, функция: bool {anonymous}::TX::txSetPixel(double, double, COLORREF, HDC),

Сообщение: Окно рисования не создано или не в порядке.

#1: TXLib [Ver: 00173a, Rev: 165, Date: 2020-03-26 21:07:17 +0400], Instance: 0x005062F4 (32-bit), Flags: CMdrE0, Thread: 0x2EF0 (Main), GetLastError(): 13 (Недопустимые данные). 

--------------------------------------------------
Стек вызовов:

# 0 0x00412E6E in d:\ItSchoolRep\ITSchool\HeroReturn2.0\HeroReturn.exe: (anonymous namespace)::TX::txSetPixel()
# 1 0x0041D5F0 in d:\ItSchoolRep\ITSchool\HeroReturn2.0\HeroReturn.exe: hrDrawingImage()
# 2 0x0041D734 in d:\ItSchoolRep\ITSchool\HeroReturn2.0\HeroReturn.exe: hrPainting()
# 3 0x0041DD1B in d:\ItSchoolRep\ITSchool\HeroReturn2.0\HeroReturn.exe: hrKeyboardControls()
# 4 0x00422B3B in d:\ItSchoolRep\ITSchool\HeroReturn2.0\HeroReturn.exe: main()

--------------------------------------------------
Developed with:

The Dumb Artist Library (TX Library)
TXLib [Ver: 00173a, Rev: 165, Date: 2020-03-26 21:07:17 +0400]
Copyright (C) Ded (Ilya Dedinsky, http://txlib.ru) <mail@txlib.ru>
See license on: http://txlib.ru

TXLib file:	Resources\\Libs\\TXLib.h
Compiled:	Mar 31 2020 05:16:59, GNU g++ 4.8.1, std=201103L, MinGW Runtime 3.20, 32-bit, Debug
Started:	Mar 31 2020 05:17:06

Run file:	d:\ItSchoolRep\ITSchool\HeroReturn2.0\HeroReturn.exe
Directory:	d:\ItSchoolRep\ITSchool\HeroReturn2.0

--------------------------------------------------
